#
# A fatal error has been detected by the Java Runtime Environment:
#
#  EXCEPTION_UNCAUGHT_CXX_EXCEPTION (0xe06d7363) at pc=0x00007ffb1d4dfdec, pid=41776, tid=19296
#
# JRE version: Java(TM) SE Runtime Environment (19.0.2+7) (build 19.0.2+7-44)
# Java VM: Java HotSpot(TM) 64-Bit Server VM (19.0.2+7-44, mixed mode, sharing, tiered, compressed oops, compressed class ptrs, g1 gc, windows-amd64)
# Problematic frame:
# C  [KERNELBASE.dll+0x8fdec]
#
# No core dump will be written. Minidumps are not enabled by default on client versions of Windows
#
# If you would like to submit a bug report, please visit:
#   https://bugreport.java.com/bugreport/crash.jsp
# The crash happened outside the Java Virtual Machine in native code.
# See problematic frame for where to report the bug.
#

---------------  S U M M A R Y ------------

Command Line: -Dfile.encoding=UTF-8 --module-path=D:\Universidad\7MO SEMESTRE\Disenio y programacion\TALLER GUI\gui\bin -XX:+ShowCodeDetailsInExceptionMessages -Djdk.module.main=gui gui/gui.VentanaExpoCanina

Host: AMD Ryzen 5 3400G with Radeon Vega Graphics    , 8 cores, 13G,  Windows 11 , 64 bit Build 22621 (10.0.22621.1485)
Time: Sun Apr 16 19:22:59 2023 SA Pacific Standard Time elapsed time: 0.612654 seconds (0d 0h 0m 0s)

---------------  T H R E A D  ---------------

Current thread (0x000001948e35b7e0):  JavaThread "AWT-Windows" daemon [_thread_in_native, id=19296, stack(0x0000001e21f00000,0x0000001e22000000)]

Stack: [0x0000001e21f00000,0x0000001e22000000],  sp=0x0000001e21ffb570,  free space=1005k
Native frames: (J=compiled Java code, j=interpreted, Vv=VM code, C=native code)
C  [KERNELBASE.dll+0x8fdec]
C  [atiumd64.dll+0x1d8c4c]

Java frames: (J=compiled Java code, j=interpreted, Vv=VM code)
j  sun.java2d.d3d.D3DGraphicsDevice.getDeviceCapsNative(I)I+0 java.desktop@19.0.2
j  sun.java2d.d3d.D3DGraphicsDevice$1.run()V+8 java.desktop@19.0.2
v  ~StubRoutines::call_stub 0x00000194f70f100e
j  sun.awt.windows.WToolkit.eventLoop()V+0 java.desktop@19.0.2
j  sun.awt.windows.WToolkit.run()V+50 java.desktop@19.0.2
j  java.lang.Thread.run()V+13 java.base@19.0.2
v  ~StubRoutines::call_stub 0x00000194f70f100e

siginfo: EXCEPTION_UNCAUGHT_CXX_EXCEPTION (0xe06d7363), ExceptionInformation=0x0000000019930520 0x0000001e21ffb6d0 0x00007ffae490c8c8 0x00007ffae3ce0000 


Registers:
RAX=0x0000000000000000, RBX=0x00007ffae490c8c8, RCX=0x00000000000005a0, RDX=0x000000003a00013b
RSP=0x0000001e21ffb570, RBP=0x0000001e21ffb890, RSI=0x0000001e21ffb6d0, RDI=0x0000000019930520
R8 =0x000001948ea5f170, R9 =0x00000194e5b20000, R10=0x0000000000000000, R11=0x0000000000000000
R12=0x0000000000001000, R13=0x000001949118c598, R14=0x0000001e21ffbbb0, R15=0x0000000000000000
RIP=0x00007ffb1d4dfdec, EFLAGS=0x0000000000000206


Register to memory mapping:

RIP=0x00007ffb1d4dfdec KERNELBASE.dll
RAX=0x0 is NULL
RBX=0x00007ffae490c8c8 atiumd64.dll
RCX=0x00000000000005a0 is an unknown value
RDX=0x000000003a00013b is an unknown value
RSP=0x0000001e21ffb570 is pointing into the stack for thread: 0x000001948e35b7e0
RBP=0x0000001e21ffb890 is pointing into the stack for thread: 0x000001948e35b7e0
RSI=0x0000001e21ffb6d0 is pointing into the stack for thread: 0x000001948e35b7e0
RDI=0x0000000019930520 is an unknown value
R8 =0x000001948ea5f170 points into unknown readable memory: 0x00007ffb02c094d0 | d0 94 c0 02 fb 7f 00 00
R9 =0x00000194e5b20000 points into unknown readable memory: 0x0000000000000000 | 00 00 00 00 00 00 00 00
R10=0x0 is NULL
R11=0x0 is NULL
R12=0x0000000000001000 is an unknown value
R13=0x000001949118c598 points into unknown readable memory: 0xffffffff00000000 | 00 00 00 00 ff ff ff ff
R14=0x0000001e21ffbbb0 is pointing into the stack for thread: 0x000001948e35b7e0
R15=0x0 is NULL


Top of Stack: (sp=0x0000001e21ffb570)
0x0000001e21ffb570:   00000194e5980cc0 00007ffae490c8c8
0x0000001e21ffb580:   0000001e21ffb6d0 0000000000000000
0x0000001e21ffb590:   00000081e06d7363 0000000000000000
0x0000001e21ffb5a0:   00007ffb1d4dfdec 0000000000000004
0x0000001e21ffb5b0:   0000000019930520 0000001e21ffb6d0
0x0000001e21ffb5c0:   00007ffae490c8c8 00007ffae3ce0000
0x0000001e21ffb5d0:   0000019400000000 0000000000000002
0x0000001e21ffb5e0:   0000000000000000 00007ffae490c8c8
0x0000001e21ffb5f0:   0000001e21ffbbb0 00007ffb2008655f
0x0000001e21ffb600:   0000001e21ffb670 00007ffae49b2000
0x0000001e21ffb610:   0000001e21ffb6d0 0000000019930520
0x0000001e21ffb620:   00007ffae49b2000 00007ffae3ce0000
0x0000001e21ffb630:   0000b18b468db2ab 00007ffb1d47970b
0x0000001e21ffb640:   00007ffae490c8c8 00007ffae3eb8c4c
0x0000001e21ffb650:   0000ec59a63d5ae4 0000001e21ffb660
0x0000001e21ffb660:   0000000000000008 00007ffae3edd779 

Instructions: (pc=0x00007ffb1d4dfdec)
0x00007ffb1d4dfcec:   ff 4c 8d 05 ac 26 29 00 33 d2 b9 00 00 10 00 e8
0x00007ffb1d4dfcfc:   00 42 fb ff 4c 8b f0 48 89 44 24 58 48 85 c0 0f
0x00007ffb1d4dfd0c:   84 0b fe ff ff 4c 8d 05 a0 26 29 00 33 d2 8d 4a
0x00007ffb1d4dfd1c:   02 e8 de 41 fb ff 48 8b f8 48 89 44 24 50 e9 ed
0x00007ffb1d4dfd2c:   fd ff ff 45 33 c0 49 8b d7 48 83 c9 ff e8 42 f1
0x00007ffb1d4dfd3c:   fe ff e9 08 ff ff ff 48 8b 0d 86 fe 2b 00 e8 41
0x00007ffb1d4dfd4c:   c0 fa ff 48 8b cf e8 f9 99 f9 ff e9 f8 fe ff ff
0x00007ffb1d4dfd5c:   49 8b ce e8 ec 99 f9 ff e9 f4 fe ff ff 48 8b ce
0x00007ffb1d4dfd6c:   e8 df 99 f9 ff e9 f0 fe ff ff cc cc 71 18 d3 7a
0x00007ffb1d4dfd7c:   1a 87 89 f9 48 81 ec d8 00 00 00 48 8b 05 f2 d1
0x00007ffb1d4dfd8c:   2b 00 48 33 c4 48 89 84 24 c0 00 00 00 48 83 64
0x00007ffb1d4dfd9c:   24 28 00 48 8d 05 da ff ff ff 83 e2 01 89 4c 24
0x00007ffb1d4dfdac:   20 89 54 24 24 48 89 44 24 30 4d 85 c9 74 4f b8
0x00007ffb1d4dfdbc:   0f 00 00 00 48 8d 4c 24 40 44 3b c0 49 8b d1 41
0x00007ffb1d4dfdcc:   0f 46 c0 44 8b c0 44 89 44 24 38 49 c1 e0 03 e8
0x00007ffb1d4dfddc:   57 df 02 00 48 8d 4c 24 20 48 ff 15 04 8d 1c 00
0x00007ffb1d4dfdec:   0f 1f 44 00 00 48 8b 8c 24 c0 00 00 00 48 33 cc
0x00007ffb1d4dfdfc:   e8 1f 6f 02 00 48 81 c4 d8 00 00 00 c3 cc 83 64
0x00007ffb1d4dfe0c:   24 38 00 eb cf cc cc cc cc cc cc cc 48 8b c4 48
0x00007ffb1d4dfe1c:   89 58 08 48 89 70 10 48 89 78 18 4c 89 68 20 55
0x00007ffb1d4dfe2c:   41 56 41 57 48 8d 68 a1 48 81 ec e0 00 00 00 48
0x00007ffb1d4dfe3c:   8b 05 3e d1 2b 00 48 33 c4 48 89 45 3f 45 33 ff
0x00007ffb1d4dfe4c:   66 c7 45 2b 00 05 48 8d 45 c7 44 89 7d 27 48 89
0x00007ffb1d4dfe5c:   44 24 50 48 8d 4d 27 44 89 7c 24 48 45 33 c9 44
0x00007ffb1d4dfe6c:   89 7c 24 40 45 8d 47 12 44 89 7c 24 38 b2 01 44
0x00007ffb1d4dfe7c:   89 7c 24 30 41 8b df 44 89 7c 24 28 41 8b ff 44
0x00007ffb1d4dfe8c:   89 7c 24 20 45 8b f7 44 89 7d 2f 66 c7 45 33 00
0x00007ffb1d4dfe9c:   01 44 89 7d 37 66 c7 45 3b 00 10 4c 89 7d c7 4c
0x00007ffb1d4dfeac:   89 7d cf 4c 89 7d d7 4c 89 7d df 48 ff 15 52 8d
0x00007ffb1d4dfebc:   1c 00 0f 1f 44 00 00 85 c0 0f 88 a7 02 00 00 48
0x00007ffb1d4dfecc:   8d 45 cf 41 b9 20 02 00 00 48 89 44 24 50 45 8d
0x00007ffb1d4dfedc:   6f 02 44 89 7c 24 48 45 8d 47 20 44 89 7c 24 40 


Stack slot to memory mapping:
stack at sp + 0 slots: 0x00000194e5980cc0 points into unknown readable memory: 0x00000000006d0000 | 00 00 6d 00 00 00 00 00
stack at sp + 1 slots: 0x00007ffae490c8c8 atiumd64.dll
stack at sp + 2 slots: 0x0000001e21ffb6d0 is pointing into the stack for thread: 0x000001948e35b7e0
stack at sp + 3 slots: 0x0 is NULL
stack at sp + 4 slots: 0x00000081e06d7363 is an unknown value
stack at sp + 5 slots: 0x0 is NULL
stack at sp + 6 slots: 0x00007ffb1d4dfdec KERNELBASE.dll
stack at sp + 7 slots: 0x0000000000000004 is an unknown value


---------------  P R O C E S S  ---------------

Threads class SMR info:
_java_thread_list=0x000001948e3508e0, length=15, elements={
0x00000194e7c58f40, 0x0000019489e9e6b0, 0x0000019489e9f780, 0x0000019489ea4d40,
0x0000019489ea5a80, 0x0000019489eaab70, 0x0000019489eabc40, 0x0000019489eba300,
0x0000019489ebf830, 0x0000019489ec9db0, 0x0000019489e78600, 0x000001948e164610,
0x000001948e352170, 0x000001948e3581b0, 0x000001948e35b7e0
}

Java Threads: ( => current thread )
  0x00000194e7c58f40 JavaThread "main" [_thread_in_native, id=41836, stack(0x0000001e20a00000,0x0000001e20b00000)]
  0x0000019489e9e6b0 JavaThread "Reference Handler" daemon [_thread_blocked, id=41916, stack(0x0000001e21100000,0x0000001e21200000)]
  0x0000019489e9f780 JavaThread "Finalizer" daemon [_thread_blocked, id=41920, stack(0x0000001e21200000,0x0000001e21300000)]
  0x0000019489ea4d40 JavaThread "Signal Dispatcher" daemon [_thread_blocked, id=41924, stack(0x0000001e21300000,0x0000001e21400000)]
  0x0000019489ea5a80 JavaThread "Attach Listener" daemon [_thread_blocked, id=41928, stack(0x0000001e21400000,0x0000001e21500000)]
  0x0000019489eaab70 JavaThread "Service Thread" daemon [_thread_blocked, id=41932, stack(0x0000001e21500000,0x0000001e21600000)]
  0x0000019489eabc40 JavaThread "Monitor Deflation Thread" daemon [_thread_blocked, id=36252, stack(0x0000001e21600000,0x0000001e21700000)]
  0x0000019489eba300 JavaThread "C2 CompilerThread0" daemon [_thread_blocked, id=23956, stack(0x0000001e21700000,0x0000001e21800000)]
  0x0000019489ebf830 JavaThread "C1 CompilerThread0" daemon [_thread_blocked, id=36080, stack(0x0000001e21800000,0x0000001e21900000)]
  0x0000019489ec9db0 JavaThread "Sweeper thread" daemon [_thread_blocked, id=32308, stack(0x0000001e21900000,0x0000001e21a00000)]
  0x0000019489e78600 JavaThread "Common-Cleaner" daemon [_thread_blocked, id=36588, stack(0x0000001e21a00000,0x0000001e21b00000)]
  0x000001948e164610 JavaThread "Notification Thread" daemon [_thread_blocked, id=35484, stack(0x0000001e21b00000,0x0000001e21c00000)]
  0x000001948e352170 JavaThread "Java2D Disposer" daemon [_thread_blocked, id=36484, stack(0x0000001e21d00000,0x0000001e21e00000)]
  0x000001948e3581b0 JavaThread "AWT-Shutdown" [_thread_blocked, id=39200, stack(0x0000001e21e00000,0x0000001e21f00000)]
=>0x000001948e35b7e0 JavaThread "AWT-Windows" daemon [_thread_in_native, id=19296, stack(0x0000001e21f00000,0x0000001e22000000)]

Other Threads:
  0x0000019489e85d70 VMThread "VM Thread" [stack: 0x0000001e21000000,0x0000001e21100000] [id=41912]
  0x000001948e166b60 WatcherThread "VM Periodic Task Thread" [stack: 0x0000001e21c00000,0x0000001e21d00000] [id=38092]
  0x00000194e7cc08c0 WorkerThread "GC Thread#0" [stack: 0x0000001e20b00000,0x0000001e20c00000] [id=41840]
  0x00000194e7cd1510 ConcurrentGCThread "G1 Main Marker" [stack: 0x0000001e20c00000,0x0000001e20d00000] [id=41844]
  0x00000194e7cd2e50 WorkerThread "G1 Conc#0" [stack: 0x0000001e20d00000,0x0000001e20e00000] [id=41848]
  0x00000194e7d1e030 ConcurrentGCThread "G1 Refine#0" [stack: 0x0000001e20e00000,0x0000001e20f00000] [id=41904]
  0x00000194e7d1e910 ConcurrentGCThread "G1 Service" [stack: 0x0000001e20f00000,0x0000001e21000000] [id=41908]

Threads with active compile tasks:

VM state: not at safepoint (normal execution)

VM Mutex/Monitor currently owned by a thread: None

Heap address: 0x0000000720c00000, size: 3572 MB, Compressed Oops mode: Zero based, Oop shift amount: 3

CDS archive(s) mapped at: [0x0000000800000000-0x0000000800c40000-0x0000000800c40000), size 12845056, SharedBaseAddress: 0x0000000800000000, ArchiveRelocationMode: 0.
Compressed class space mapped at: 0x0000000801000000-0x0000000841000000, reserved size: 1073741824
Narrow klass base: 0x0000000800000000, Narrow klass shift: 0, Narrow klass range: 0x100000000

GC Precious Log:
 CardTable entry size: 512
 Card Set container configuration: InlinePtr #cards 4 size 8 Array Of Cards #cards 16 size 48 Howl #buckets 8 coarsen threshold 3686 Howl Bitmap #cards 512 size 80 coarsen threshold 460 Card regions per heap region 1 cards per card region 4096
 CPUs: 8 total, 8 available
 Memory: 14284M
 Large Page Support: Disabled
 NUMA Support: Disabled
 Compressed Oops: Enabled (Zero based)
 Heap Region Size: 2M
 Heap Min Capacity: 8M
 Heap Initial Capacity: 224M
 Heap Max Capacity: 3572M
 Pre-touch: Disabled
 Parallel Workers: 8
 Concurrent Workers: 2
 Concurrent Refinement Workers: 8
 Periodic GC: Disabled

Heap:
 garbage-first heap   total 229376K, used 4096K [0x0000000720c00000, 0x0000000800000000)
  region size 2048K, 3 young (6144K), 0 survivors (0K)
 Metaspace       used 2942K, committed 3136K, reserved 1114112K
  class space    used 307K, committed 384K, reserved 1048576K

Heap Regions: E=young(eden), S=young(survivor), O=old, HS=humongous(starts), HC=humongous(continues), CS=collection set, F=free, OA=open archive, CA=closed archive, TAMS=top-at-mark-start (previous, next)
|   0|0x0000000720c00000, 0x0000000720c00000, 0x0000000720e00000|  0%| F|  |TAMS 0x0000000720c00000, 0x0000000720c00000| Untracked 
|   1|0x0000000720e00000, 0x0000000720e00000, 0x0000000721000000|  0%| F|  |TAMS 0x0000000720e00000, 0x0000000720e00000| Untracked 
|   2|0x0000000721000000, 0x0000000721000000, 0x0000000721200000|  0%| F|  |TAMS 0x0000000721000000, 0x0000000721000000| Untracked 
|   3|0x0000000721200000, 0x0000000721200000, 0x0000000721400000|  0%| F|  |TAMS 0x0000000721200000, 0x0000000721200000| Untracked 
|   4|0x0000000721400000, 0x0000000721400000, 0x0000000721600000|  0%| F|  |TAMS 0x0000000721400000, 0x0000000721400000| Untracked 
|   5|0x0000000721600000, 0x0000000721600000, 0x0000000721800000|  0%| F|  |TAMS 0x0000000721600000, 0x0000000721600000| Untracked 
|   6|0x0000000721800000, 0x0000000721800000, 0x0000000721a00000|  0%| F|  |TAMS 0x0000000721800000, 0x0000000721800000| Untracked 
|   7|0x0000000721a00000, 0x0000000721a00000, 0x0000000721c00000|  0%| F|  |TAMS 0x0000000721a00000, 0x0000000721a00000| Untracked 
|   8|0x0000000721c00000, 0x0000000721c00000, 0x0000000721e00000|  0%| F|  |TAMS 0x0000000721c00000, 0x0000000721c00000| Untracked 
|   9|0x0000000721e00000, 0x0000000721e00000, 0x0000000722000000|  0%| F|  |TAMS 0x0000000721e00000, 0x0000000721e00000| Untracked 
|  10|0x0000000722000000, 0x0000000722000000, 0x0000000722200000|  0%| F|  |TAMS 0x0000000722000000, 0x0000000722000000| Untracked 
|  11|0x0000000722200000, 0x0000000722200000, 0x0000000722400000|  0%| F|  |TAMS 0x0000000722200000, 0x0000000722200000| Untracked 
|  12|0x0000000722400000, 0x0000000722400000, 0x0000000722600000|  0%| F|  |TAMS 0x0000000722400000, 0x0000000722400000| Untracked 
|  13|0x0000000722600000, 0x0000000722600000, 0x0000000722800000|  0%| F|  |TAMS 0x0000000722600000, 0x0000000722600000| Untracked 
|  14|0x0000000722800000, 0x0000000722800000, 0x0000000722a00000|  0%| F|  |TAMS 0x0000000722800000, 0x0000000722800000| Untracked 
|  15|0x0000000722a00000, 0x0000000722a00000, 0x0000000722c00000|  0%| F|  |TAMS 0x0000000722a00000, 0x0000000722a00000| Untracked 
|  16|0x0000000722c00000, 0x0000000722c00000, 0x0000000722e00000|  0%| F|  |TAMS 0x0000000722c00000, 0x0000000722c00000| Untracked 
|  17|0x0000000722e00000, 0x0000000722e00000, 0x0000000723000000|  0%| F|  |TAMS 0x0000000722e00000, 0x0000000722e00000| Untracked 
|  18|0x0000000723000000, 0x0000000723000000, 0x0000000723200000|  0%| F|  |TAMS 0x0000000723000000, 0x0000000723000000| Untracked 
|  19|0x0000000723200000, 0x0000000723200000, 0x0000000723400000|  0%| F|  |TAMS 0x0000000723200000, 0x0000000723200000| Untracked 
|  20|0x0000000723400000, 0x0000000723400000, 0x0000000723600000|  0%| F|  |TAMS 0x0000000723400000, 0x0000000723400000| Untracked 
|  21|0x0000000723600000, 0x0000000723600000, 0x0000000723800000|  0%| F|  |TAMS 0x0000000723600000, 0x0000000723600000| Untracked 
|  22|0x0000000723800000, 0x0000000723800000, 0x0000000723a00000|  0%| F|  |TAMS 0x0000000723800000, 0x0000000723800000| Untracked 
|  23|0x0000000723a00000, 0x0000000723a00000, 0x0000000723c00000|  0%| F|  |TAMS 0x0000000723a00000, 0x0000000723a00000| Untracked 
|  24|0x0000000723c00000, 0x0000000723c00000, 0x0000000723e00000|  0%| F|  |TAMS 0x0000000723c00000, 0x0000000723c00000| Untracked 
|  25|0x0000000723e00000, 0x0000000723e00000, 0x0000000724000000|  0%| F|  |TAMS 0x0000000723e00000, 0x0000000723e00000| Untracked 
|  26|0x0000000724000000, 0x0000000724000000, 0x0000000724200000|  0%| F|  |TAMS 0x0000000724000000, 0x0000000724000000| Untracked 
|  27|0x0000000724200000, 0x0000000724200000, 0x0000000724400000|  0%| F|  |TAMS 0x0000000724200000, 0x0000000724200000| Untracked 
|  28|0x0000000724400000, 0x0000000724400000, 0x0000000724600000|  0%| F|  |TAMS 0x0000000724400000, 0x0000000724400000| Untracked 
|  29|0x0000000724600000, 0x0000000724600000, 0x0000000724800000|  0%| F|  |TAMS 0x0000000724600000, 0x0000000724600000| Untracked 
|  30|0x0000000724800000, 0x0000000724800000, 0x0000000724a00000|  0%| F|  |TAMS 0x0000000724800000, 0x0000000724800000| Untracked 
|  31|0x0000000724a00000, 0x0000000724a00000, 0x0000000724c00000|  0%| F|  |TAMS 0x0000000724a00000, 0x0000000724a00000| Untracked 
|  32|0x0000000724c00000, 0x0000000724c00000, 0x0000000724e00000|  0%| F|  |TAMS 0x0000000724c00000, 0x0000000724c00000| Untracked 
|  33|0x0000000724e00000, 0x0000000724e00000, 0x0000000725000000|  0%| F|  |TAMS 0x0000000724e00000, 0x0000000724e00000| Untracked 
|  34|0x0000000725000000, 0x0000000725000000, 0x0000000725200000|  0%| F|  |TAMS 0x0000000725000000, 0x0000000725000000| Untracked 
|  35|0x0000000725200000, 0x0000000725200000, 0x0000000725400000|  0%| F|  |TAMS 0x0000000725200000, 0x0000000725200000| Untracked 
|  36|0x0000000725400000, 0x0000000725400000, 0x0000000725600000|  0%| F|  |TAMS 0x0000000725400000, 0x0000000725400000| Untracked 
|  37|0x0000000725600000, 0x0000000725600000, 0x0000000725800000|  0%| F|  |TAMS 0x0000000725600000, 0x0000000725600000| Untracked 
|  38|0x0000000725800000, 0x0000000725800000, 0x0000000725a00000|  0%| F|  |TAMS 0x0000000725800000, 0x0000000725800000| Untracked 
|  39|0x0000000725a00000, 0x0000000725a00000, 0x0000000725c00000|  0%| F|  |TAMS 0x0000000725a00000, 0x0000000725a00000| Untracked 
|  40|0x0000000725c00000, 0x0000000725c00000, 0x0000000725e00000|  0%| F|  |TAMS 0x0000000725c00000, 0x0000000725c00000| Untracked 
|  41|0x0000000725e00000, 0x0000000725e00000, 0x0000000726000000|  0%| F|  |TAMS 0x0000000725e00000, 0x0000000725e00000| Untracked 
|  42|0x0000000726000000, 0x0000000726000000, 0x0000000726200000|  0%| F|  |TAMS 0x0000000726000000, 0x0000000726000000| Untracked 
|  43|0x0000000726200000, 0x0000000726200000, 0x0000000726400000|  0%| F|  |TAMS 0x0000000726200000, 0x0000000726200000| Untracked 
|  44|0x0000000726400000, 0x0000000726400000, 0x0000000726600000|  0%| F|  |TAMS 0x0000000726400000, 0x0000000726400000| Untracked 
|  45|0x0000000726600000, 0x0000000726600000, 0x0000000726800000|  0%| F|  |TAMS 0x0000000726600000, 0x0000000726600000| Untracked 
|  46|0x0000000726800000, 0x0000000726800000, 0x0000000726a00000|  0%| F|  |TAMS 0x0000000726800000, 0x0000000726800000| Untracked 
|  47|0x0000000726a00000, 0x0000000726a00000, 0x0000000726c00000|  0%| F|  |TAMS 0x0000000726a00000, 0x0000000726a00000| Untracked 
|  48|0x0000000726c00000, 0x0000000726c00000, 0x0000000726e00000|  0%| F|  |TAMS 0x0000000726c00000, 0x0000000726c00000| Untracked 
|  49|0x0000000726e00000, 0x0000000726e00000, 0x0000000727000000|  0%| F|  |TAMS 0x0000000726e00000, 0x0000000726e00000| Untracked 
|  50|0x0000000727000000, 0x0000000727000000, 0x0000000727200000|  0%| F|  |TAMS 0x0000000727000000, 0x0000000727000000| Untracked 
|  51|0x0000000727200000, 0x0000000727200000, 0x0000000727400000|  0%| F|  |TAMS 0x0000000727200000, 0x0000000727200000| Untracked 
|  52|0x0000000727400000, 0x0000000727400000, 0x0000000727600000|  0%| F|  |TAMS 0x0000000727400000, 0x0000000727400000| Untracked 
|  53|0x0000000727600000, 0x0000000727600000, 0x0000000727800000|  0%| F|  |TAMS 0x0000000727600000, 0x0000000727600000| Untracked 
|  54|0x0000000727800000, 0x0000000727800000, 0x0000000727a00000|  0%| F|  |TAMS 0x0000000727800000, 0x0000000727800000| Untracked 
|  55|0x0000000727a00000, 0x0000000727a00000, 0x0000000727c00000|  0%| F|  |TAMS 0x0000000727a00000, 0x0000000727a00000| Untracked 
|  56|0x0000000727c00000, 0x0000000727c00000, 0x0000000727e00000|  0%| F|  |TAMS 0x0000000727c00000, 0x0000000727c00000| Untracked 
|  57|0x0000000727e00000, 0x0000000727e00000, 0x0000000728000000|  0%| F|  |TAMS 0x0000000727e00000, 0x0000000727e00000| Untracked 
|  58|0x0000000728000000, 0x0000000728000000, 0x0000000728200000|  0%| F|  |TAMS 0x0000000728000000, 0x0000000728000000| Untracked 
|  59|0x0000000728200000, 0x0000000728200000, 0x0000000728400000|  0%| F|  |TAMS 0x0000000728200000, 0x0000000728200000| Untracked 
|  60|0x0000000728400000, 0x0000000728400000, 0x0000000728600000|  0%| F|  |TAMS 0x0000000728400000, 0x0000000728400000| Untracked 
|  61|0x0000000728600000, 0x0000000728600000, 0x0000000728800000|  0%| F|  |TAMS 0x0000000728600000, 0x0000000728600000| Untracked 
|  62|0x0000000728800000, 0x0000000728800000, 0x0000000728a00000|  0%| F|  |TAMS 0x0000000728800000, 0x0000000728800000| Untracked 
|  63|0x0000000728a00000, 0x0000000728a00000, 0x0000000728c00000|  0%| F|  |TAMS 0x0000000728a00000, 0x0000000728a00000| Untracked 
|  64|0x0000000728c00000, 0x0000000728c00000, 0x0000000728e00000|  0%| F|  |TAMS 0x0000000728c00000, 0x0000000728c00000| Untracked 
|  65|0x0000000728e00000, 0x0000000728e00000, 0x0000000729000000|  0%| F|  |TAMS 0x0000000728e00000, 0x0000000728e00000| Untracked 
|  66|0x0000000729000000, 0x0000000729000000, 0x0000000729200000|  0%| F|  |TAMS 0x0000000729000000, 0x0000000729000000| Untracked 
|  67|0x0000000729200000, 0x0000000729200000, 0x0000000729400000|  0%| F|  |TAMS 0x0000000729200000, 0x0000000729200000| Untracked 
|  68|0x0000000729400000, 0x0000000729400000, 0x0000000729600000|  0%| F|  |TAMS 0x0000000729400000, 0x0000000729400000| Untracked 
|  69|0x0000000729600000, 0x0000000729600000, 0x0000000729800000|  0%| F|  |TAMS 0x0000000729600000, 0x0000000729600000| Untracked 
|  70|0x0000000729800000, 0x0000000729800000, 0x0000000729a00000|  0%| F|  |TAMS 0x0000000729800000, 0x0000000729800000| Untracked 
|  71|0x0000000729a00000, 0x0000000729a00000, 0x0000000729c00000|  0%| F|  |TAMS 0x0000000729a00000, 0x0000000729a00000| Untracked 
|  72|0x0000000729c00000, 0x0000000729c00000, 0x0000000729e00000|  0%| F|  |TAMS 0x0000000729c00000, 0x0000000729c00000| Untracked 
|  73|0x0000000729e00000, 0x0000000729e00000, 0x000000072a000000|  0%| F|  |TAMS 0x0000000729e00000, 0x0000000729e00000| Untracked 
|  74|0x000000072a000000, 0x000000072a000000, 0x000000072a200000|  0%| F|  |TAMS 0x000000072a000000, 0x000000072a000000| Untracked 
|  75|0x000000072a200000, 0x000000072a200000, 0x000000072a400000|  0%| F|  |TAMS 0x000000072a200000, 0x000000072a200000| Untracked 
|  76|0x000000072a400000, 0x000000072a400000, 0x000000072a600000|  0%| F|  |TAMS 0x000000072a400000, 0x000000072a400000| Untracked 
|  77|0x000000072a600000, 0x000000072a600000, 0x000000072a800000|  0%| F|  |TAMS 0x000000072a600000, 0x000000072a600000| Untracked 
|  78|0x000000072a800000, 0x000000072a800000, 0x000000072aa00000|  0%| F|  |TAMS 0x000000072a800000, 0x000000072a800000| Untracked 
|  79|0x000000072aa00000, 0x000000072aa00000, 0x000000072ac00000|  0%| F|  |TAMS 0x000000072aa00000, 0x000000072aa00000| Untracked 
|  80|0x000000072ac00000, 0x000000072ac00000, 0x000000072ae00000|  0%| F|  |TAMS 0x000000072ac00000, 0x000000072ac00000| Untracked 
|  81|0x000000072ae00000, 0x000000072ae00000, 0x000000072b000000|  0%| F|  |TAMS 0x000000072ae00000, 0x000000072ae00000| Untracked 
|  82|0x000000072b000000, 0x000000072b000000, 0x000000072b200000|  0%| F|  |TAMS 0x000000072b000000, 0x000000072b000000| Untracked 
|  83|0x000000072b200000, 0x000000072b200000, 0x000000072b400000|  0%| F|  |TAMS 0x000000072b200000, 0x000000072b200000| Untracked 
|  84|0x000000072b400000, 0x000000072b400000, 0x000000072b600000|  0%| F|  |TAMS 0x000000072b400000, 0x000000072b400000| Untracked 
|  85|0x000000072b600000, 0x000000072b600000, 0x000000072b800000|  0%| F|  |TAMS 0x000000072b600000, 0x000000072b600000| Untracked 
|  86|0x000000072b800000, 0x000000072b800000, 0x000000072ba00000|  0%| F|  |TAMS 0x000000072b800000, 0x000000072b800000| Untracked 
|  87|0x000000072ba00000, 0x000000072ba00000, 0x000000072bc00000|  0%| F|  |TAMS 0x000000072ba00000, 0x000000072ba00000| Untracked 
|  88|0x000000072bc00000, 0x000000072bc00000, 0x000000072be00000|  0%| F|  |TAMS 0x000000072bc00000, 0x000000072bc00000| Untracked 
|  89|0x000000072be00000, 0x000000072be00000, 0x000000072c000000|  0%| F|  |TAMS 0x000000072be00000, 0x000000072be00000| Untracked 
|  90|0x000000072c000000, 0x000000072c000000, 0x000000072c200000|  0%| F|  |TAMS 0x000000072c000000, 0x000000072c000000| Untracked 
|  91|0x000000072c200000, 0x000000072c200000, 0x000000072c400000|  0%| F|  |TAMS 0x000000072c200000, 0x000000072c200000| Untracked 
|  92|0x000000072c400000, 0x000000072c400000, 0x000000072c600000|  0%| F|  |TAMS 0x000000072c400000, 0x000000072c400000| Untracked 
|  93|0x000000072c600000, 0x000000072c600000, 0x000000072c800000|  0%| F|  |TAMS 0x000000072c600000, 0x000000072c600000| Untracked 
|  94|0x000000072c800000, 0x000000072c800000, 0x000000072ca00000|  0%| F|  |TAMS 0x000000072c800000, 0x000000072c800000| Untracked 
|  95|0x000000072ca00000, 0x000000072ca00000, 0x000000072cc00000|  0%| F|  |TAMS 0x000000072ca00000, 0x000000072ca00000| Untracked 
|  96|0x000000072cc00000, 0x000000072cc00000, 0x000000072ce00000|  0%| F|  |TAMS 0x000000072cc00000, 0x000000072cc00000| Untracked 
|  97|0x000000072ce00000, 0x000000072ce00000, 0x000000072d000000|  0%| F|  |TAMS 0x000000072ce00000, 0x000000072ce00000| Untracked 
|  98|0x000000072d000000, 0x000000072d000000, 0x000000072d200000|  0%| F|  |TAMS 0x000000072d000000, 0x000000072d000000| Untracked 
|  99|0x000000072d200000, 0x000000072d200000, 0x000000072d400000|  0%| F|  |TAMS 0x000000072d200000, 0x000000072d200000| Untracked 
| 100|0x000000072d400000, 0x000000072d400000, 0x000000072d600000|  0%| F|  |TAMS 0x000000072d400000, 0x000000072d400000| Untracked 
| 101|0x000000072d600000, 0x000000072d600000, 0x000000072d800000|  0%| F|  |TAMS 0x000000072d600000, 0x000000072d600000| Untracked 
| 102|0x000000072d800000, 0x000000072d800000, 0x000000072da00000|  0%| F|  |TAMS 0x000000072d800000, 0x000000072d800000| Untracked 
| 103|0x000000072da00000, 0x000000072da00000, 0x000000072dc00000|  0%| F|  |TAMS 0x000000072da00000, 0x000000072da00000| Untracked 
| 104|0x000000072dc00000, 0x000000072dc00000, 0x000000072de00000|  0%| F|  |TAMS 0x000000072dc00000, 0x000000072dc00000| Untracked 
| 105|0x000000072de00000, 0x000000072de00000, 0x000000072e000000|  0%| F|  |TAMS 0x000000072de00000, 0x000000072de00000| Untracked 
| 106|0x000000072e000000, 0x000000072e000000, 0x000000072e200000|  0%| F|  |TAMS 0x000000072e000000, 0x000000072e000000| Untracked 
| 107|0x000000072e200000, 0x000000072e200000, 0x000000072e400000|  0%| F|  |TAMS 0x000000072e200000, 0x000000072e200000| Untracked 
| 108|0x000000072e400000, 0x000000072e400000, 0x000000072e600000|  0%| F|  |TAMS 0x000000072e400000, 0x000000072e400000| Untracked 
| 109|0x000000072e600000, 0x000000072e671648, 0x000000072e800000| 22%| E|  |TAMS 0x000000072e600000, 0x000000072e600000| Complete 
| 110|0x000000072e800000, 0x000000072ea00000, 0x000000072ea00000|100%| E|CS|TAMS 0x000000072e800000, 0x000000072e800000| Complete 
| 111|0x000000072ea00000, 0x000000072ec00000, 0x000000072ec00000|100%| E|CS|TAMS 0x000000072ea00000, 0x000000072ea00000| Complete 

Card table byte_map: [0x00000194ff5f0000,0x00000194ffcf0000] _byte_map_base: 0x00000194fbcea000

Marking Bits (Prev, Next): (CMBitMap*) 0x00000194e7cc0df0, (CMBitMap*) 0x00000194e7cc0e30
 Prev Bits: [0x0000019480700000, 0x0000019483ed0000)
 Next Bits: [0x0000019483ed0000, 0x00000194876a0000)

Polling page: 0x00000194e7420000

Metaspace:

Usage:
  Non-class:      2.57 MB used.
      Class:    307.27 KB used.
       Both:      2.87 MB used.

Virtual space:
  Non-class space:       64.00 MB reserved,       2.69 MB (  4%) committed,  1 nodes.
      Class space:        1.00 GB reserved,     384.00 KB ( <1%) committed,  1 nodes.
             Both:        1.06 GB reserved,       3.06 MB ( <1%) committed. 

Chunk freelists:
   Non-Class:  3.92 MB
       Class:  3.66 MB
        Both:  7.58 MB

MaxMetaspaceSize: unlimited
CompressedClassSpaceSize: 1.00 GB
Initial GC threshold: 21.00 MB
Current GC threshold: 21.00 MB
CDS: on
MetaspaceReclaimPolicy: balanced
 - commit_granule_bytes: 65536.
 - commit_granule_words: 8192.
 - virtual_space_node_default_size: 8388608.
 - enlarge_chunks_in_place: 1.
 - new_chunks_are_fully_committed: 0.
 - uncommit_free_chunks: 1.
 - use_allocation_guard: 0.


Internal statistics:

num_allocs_failed_limit: 0.
num_arena_births: 76.
num_arena_deaths: 0.
num_vsnodes_births: 2.
num_vsnodes_deaths: 0.
num_space_committed: 49.
num_space_uncommitted: 0.
num_chunks_returned_to_freelist: 0.
num_chunks_taken_from_freelist: 81.
num_chunk_merges: 0.
num_chunk_splits: 59.
num_chunks_enlarged: 39.
num_inconsistent_stats: 0.

CodeHeap 'non-profiled nmethods': size=120000Kb used=115Kb max_used=115Kb free=119884Kb
 bounds [0x00000194f7690000, 0x00000194f7900000, 0x00000194febc0000]
CodeHeap 'profiled nmethods': size=120000Kb used=483Kb max_used=483Kb free=119516Kb
 bounds [0x00000194efbc0000, 0x00000194efe30000, 0x00000194f70f0000]
CodeHeap 'non-nmethods': size=5760Kb used=1263Kb max_used=1275Kb free=4496Kb
 bounds [0x00000194f70f0000, 0x00000194f7360000, 0x00000194f7690000]
 total_blobs=839 nmethods=360 adapters=390
 compilation: enabled
              stopped_count=0, restarted_count=0
 full_count=0

Compilation events (20 events):
Event: 0.454 Thread 0x0000019489ebf830  350       1       java.lang.invoke.MethodHandles$Lookup::previousLookupClass (5 bytes)
Event: 0.454 Thread 0x0000019489ebf830 nmethod 350 0x00000194f76ac610 code [0x00000194f76ac7a0, 0x00000194f76ac878]
Event: 0.455 Thread 0x0000019489ebf830  351       3       sun.invoke.util.VerifyAccess::isClassAccessible (230 bytes)
Event: 0.456 Thread 0x0000019489ebf830 nmethod 351 0x00000194efc34710 code [0x00000194efc34a20, 0x00000194efc358b8]
Event: 0.456 Thread 0x0000019489ebf830  352       3       java.lang.invoke.MethodHandles$Lookup::lookupClassOrNull (17 bytes)
Event: 0.456 Thread 0x0000019489ebf830 nmethod 352 0x00000194efc35c90 code [0x00000194efc35e40, 0x00000194efc35fd8]
Event: 0.456 Thread 0x0000019489ebf830  353       3       java.lang.invoke.MethodTypeForm::canonicalize (59 bytes)
Event: 0.456 Thread 0x0000019489ebf830 nmethod 353 0x00000194efc36090 code [0x00000194efc36260, 0x00000194efc36588]
Event: 0.456 Thread 0x0000019489ebf830  354       3       java.lang.invoke.MethodType$ConcurrentWeakInternSet::add (66 bytes)
Event: 0.456 Thread 0x0000019489ebf830 nmethod 354 0x00000194efc36690 code [0x00000194efc36900, 0x00000194efc375c8]
Event: 0.487 Thread 0x0000019489ebf830  355       3       java.lang.String::toString (2 bytes)
Event: 0.487 Thread 0x0000019489ebf830 nmethod 355 0x00000194efc37a10 code [0x00000194efc37ba0, 0x00000194efc37cb8]
Event: 0.487 Thread 0x0000019489ebf830  356       3       java.lang.invoke.MemberName::<init> (50 bytes)
Event: 0.487 Thread 0x0000019489ebf830 nmethod 356 0x00000194efc37d90 code [0x00000194efc37f80, 0x00000194efc38298]
Event: 0.487 Thread 0x0000019489ebf830  357       3       java.lang.invoke.MemberName::getName (25 bytes)
Event: 0.488 Thread 0x0000019489ebf830 nmethod 357 0x00000194efc38410 code [0x00000194efc385e0, 0x00000194efc38988]
Event: 0.565 Thread 0x0000019489eba300  359       4       java.lang.invoke.MethodType::parameterType (7 bytes)
Event: 0.565 Thread 0x0000019489eba300 nmethod 359 0x00000194f76acc10 code [0x00000194f76acda0, 0x00000194f76ace58]
Event: 0.565 Thread 0x0000019489ebf830  360       3       java.lang.invoke.MethodType::basicType (8 bytes)
Event: 0.565 Thread 0x0000019489ebf830 nmethod 360 0x00000194efc38a90 code [0x00000194efc38c20, 0x00000194efc38d58]

GC Heap History (0 events):
No events

Dll operation events (6 events):
Event: 0.009 Loaded shared library C:\Program Files\Java\jdk-19\bin\java.dll
Event: 0.302 Loaded shared library C:\Program Files\Java\jdk-19\bin\jsvml.dll
Event: 0.342 Loaded shared library C:\Program Files\Java\jdk-19\bin\net.dll
Event: 0.344 Loaded shared library C:\Program Files\Java\jdk-19\bin\nio.dll
Event: 0.388 Loaded shared library C:\Program Files\Java\jdk-19\bin\jimage.dll
Event: 0.402 Loaded shared library C:\Program Files\Java\jdk-19\bin\awt.dll

Deoptimization events (4 events):
Event: 0.375 Thread 0x00000194e7c58f40 Uncommon trap: trap_request=0xffffff45 fr.pc=0x00000194f7698ac8 relative=0x00000000000000a8
Event: 0.375 Thread 0x00000194e7c58f40 Uncommon trap: reason=unstable_if action=reinterpret pc=0x00000194f7698ac8 method=java.lang.String.isLatin1()Z @ 10 c2
Event: 0.375 Thread 0x00000194e7c58f40 DEOPT PACKING pc=0x00000194f7698ac8 sp=0x0000001e20aff1d0
Event: 0.375 Thread 0x00000194e7c58f40 DEOPT UNPACKING pc=0x00000194f7156da3 sp=0x0000001e20aff110 mode 2

Classes loaded (20 events):
Event: 0.539 Loading class sun/java2d/d3d/D3DRenderQueue
Event: 0.539 Loading class sun/java2d/pipe/RenderQueue
Event: 0.539 Loading class sun/java2d/pipe/RenderQueue done
Event: 0.539 Loading class sun/java2d/d3d/D3DRenderQueue done
Event: 0.539 Loading class sun/java2d/pipe/RenderBuffer
Event: 0.539 Loading class sun/java2d/pipe/RenderBuffer done
Event: 0.539 Loading class sun/java2d/d3d/D3DRenderQueue$1
Event: 0.539 Loading class sun/java2d/d3d/D3DRenderQueue$1 done
Event: 0.540 Loading class sun/java2d/d3d/D3DGraphicsDevice$1Result
Event: 0.540 Loading class sun/java2d/d3d/D3DGraphicsDevice$1Result done
Event: 0.540 Loading class sun/java2d/d3d/D3DGraphicsDevice$1
Event: 0.540 Loading class sun/java2d/d3d/D3DGraphicsDevice$1 done
Event: 0.564 Loading class sun/java2d/d3d/D3DContext$D3DContextCaps
Event: 0.564 Loading class sun/java2d/pipe/hw/ContextCapabilities
Event: 0.565 Loading class sun/java2d/pipe/hw/ContextCapabilities done
Event: 0.565 Loading class sun/java2d/d3d/D3DContext$D3DContextCaps done
Event: 0.565 Loading class sun/java2d/d3d/D3DContext
Event: 0.565 Loading class sun/java2d/pipe/BufferedContext
Event: 0.566 Loading class sun/java2d/pipe/BufferedContext done
Event: 0.566 Loading class sun/java2d/d3d/D3DContext done

Classes unloaded (0 events):
No events

Classes redefined (0 events):
No events

Internal exceptions (6 events):
Event: 0.355 Thread 0x00000194e7c58f40 Exception <a 'java/lang/NoSuchMethodError'{0x000000072eb8bbf0}: 'void java.lang.invoke.DirectMethodHandle$Holder.invokeVirtual(java.lang.Object, java.lang.Object)'> (0x000000072eb8bbf0) 
thrown [s\open\src\hotspot\share\interpreter\linkResolver.cpp, line 774]
Event: 0.390 Thread 0x00000194e7c58f40 Exception <a 'sun/nio/fs/WindowsException'{0x000000072e8dd738}> (0x000000072e8dd738) 
thrown [s\open\src\hotspot\share\prims\jni.cpp, line 517]
Event: 0.393 Thread 0x00000194e7c58f40 Exception <a 'java/lang/ClassNotFoundException'{0x000000072e8e3830}: sun/awt/resources/spi/awtProvider> (0x000000072e8e3830) 
thrown [s\open\src\hotspot\share\classfile\systemDictionary.cpp, line 255]
Event: 0.412 Thread 0x00000194e7c58f40 Exception <a 'java/io/FileNotFoundException'{0x000000072e93a170}> (0x000000072e93a170) 
thrown [s\open\src\hotspot\share\prims\jni.cpp, line 517]
Event: 0.420 Thread 0x00000194e7c58f40 Exception <a 'java/io/FileNotFoundException'{0x000000072e966c60}> (0x000000072e966c60) 
thrown [s\open\src\hotspot\share\prims\jni.cpp, line 517]
Event: 0.453 Thread 0x00000194e7c58f40 Exception <a 'java/lang/NoSuchMethodError'{0x000000072e9ab708}: 'java.lang.Object java.lang.invoke.DirectMethodHandle$Holder.invokeStaticInit(java.lang.Object)'> (0x000000072e9ab708) 
thrown [s\open\src\hotspot\share\interpreter\linkResolver.cpp, line 774]

VM Operations (4 events):
Event: 0.364 Executing VM operation: HandshakeAllThreads
Event: 0.364 Executing VM operation: HandshakeAllThreads done
Event: 0.426 Executing VM operation: HandshakeAllThreads
Event: 0.426 Executing VM operation: HandshakeAllThreads done

Events (15 events):
Event: 0.302 Thread 0x00000194e7c58f40 Thread added: 0x00000194e7c58f40
Event: 0.316 Thread 0x0000019489e9e6b0 Thread added: 0x0000019489e9e6b0
Event: 0.316 Thread 0x0000019489e9f780 Thread added: 0x0000019489e9f780
Event: 0.316 Thread 0x0000019489ea4d40 Thread added: 0x0000019489ea4d40
Event: 0.316 Thread 0x0000019489ea5a80 Thread added: 0x0000019489ea5a80
Event: 0.316 Thread 0x0000019489eaab70 Thread added: 0x0000019489eaab70
Event: 0.316 Thread 0x0000019489eabc40 Thread added: 0x0000019489eabc40
Event: 0.316 Thread 0x0000019489eba300 Thread added: 0x0000019489eba300
Event: 0.316 Thread 0x0000019489ebf830 Thread added: 0x0000019489ebf830
Event: 0.316 Thread 0x0000019489ec9db0 Thread added: 0x0000019489ec9db0
Event: 0.337 Thread 0x0000019489e78600 Thread added: 0x0000019489e78600
Event: 0.374 Thread 0x000001948e164610 Thread added: 0x000001948e164610
Event: 0.454 Thread 0x000001948e352170 Thread added: 0x000001948e352170
Event: 0.455 Thread 0x000001948e3581b0 Thread added: 0x000001948e3581b0
Event: 0.456 Thread 0x000001948e35b7e0 Thread added: 0x000001948e35b7e0


Dynamic libraries:
0x00007ff67d770000 - 0x00007ff67d780000 	C:\Program Files\Java\jdk-19\bin\javaw.exe
0x00007ffb20010000 - 0x00007ffb20224000 	C:\WINDOWS\SYSTEM32\ntdll.dll
0x00007ffb1f110000 - 0x00007ffb1f1d2000 	C:\WINDOWS\System32\KERNEL32.DLL
0x00007ffb1d450000 - 0x00007ffb1d7ec000 	C:\WINDOWS\System32\KERNELBASE.dll
0x00007ffb1dd00000 - 0x00007ffb1de11000 	C:\WINDOWS\System32\ucrtbase.dll
0x00007ffa9a0b0000 - 0x00007ffa9a0cb000 	C:\Program Files\Java\jdk-19\bin\VCRUNTIME140.dll
0x00007ffb09d70000 - 0x00007ffb09d88000 	C:\Program Files\Java\jdk-19\bin\jli.dll
0x00007ffb1ea20000 - 0x00007ffb1eace000 	C:\WINDOWS\System32\ADVAPI32.dll
0x00007ffb1f9d0000 - 0x00007ffb1fa77000 	C:\WINDOWS\System32\msvcrt.dll
0x00007ffb1dfa0000 - 0x00007ffb1e044000 	C:\WINDOWS\System32\sechost.dll
0x00007ffb1ed40000 - 0x00007ffb1ee57000 	C:\WINDOWS\System32\RPCRT4.dll
0x00007ffb1eb90000 - 0x00007ffb1ed3b000 	C:\WINDOWS\System32\USER32.dll
0x00007ffb07960000 - 0x00007ffb07bee000 	C:\WINDOWS\WinSxS\amd64_microsoft.windows.common-controls_6595b64144ccf1df_6.0.22621.608_none_a9444ca7c10bb01d\COMCTL32.dll
0x00007ffb1e500000 - 0x00007ffb1e529000 	C:\WINDOWS\System32\GDI32.dll
0x00007ffb1d910000 - 0x00007ffb1d936000 	C:\WINDOWS\System32\win32u.dll
0x00007ffb1d7f0000 - 0x00007ffb1d903000 	C:\WINDOWS\System32\gdi32full.dll
0x00007ffb1da80000 - 0x00007ffb1db1a000 	C:\WINDOWS\System32\msvcp_win.dll
0x00007ffb15e70000 - 0x00007ffb15e7a000 	C:\WINDOWS\SYSTEM32\VERSION.dll
0x00007ffb1feb0000 - 0x00007ffb1fee1000 	C:\WINDOWS\System32\IMM32.DLL
0x00007ffb1a8c0000 - 0x00007ffb1a8cc000 	C:\Program Files\Java\jdk-19\bin\vcruntime140_1.dll
0x00007ffa9a020000 - 0x00007ffa9a0ae000 	C:\Program Files\Java\jdk-19\bin\msvcp140.dll
0x00007ffa98920000 - 0x00007ffa995e0000 	C:\Program Files\Java\jdk-19\bin\server\jvm.dll
0x00007ffb06230000 - 0x00007ffb06239000 	C:\WINDOWS\SYSTEM32\WSOCK32.dll
0x00007ffb15740000 - 0x00007ffb15774000 	C:\WINDOWS\SYSTEM32\WINMM.dll
0x00007ffb1e600000 - 0x00007ffb1e671000 	C:\WINDOWS\System32\WS2_32.dll
0x00007ffb1c4a0000 - 0x00007ffb1c4b8000 	C:\WINDOWS\SYSTEM32\kernel.appcore.dll
0x00007ffb18c70000 - 0x00007ffb18c7a000 	C:\Program Files\Java\jdk-19\bin\jimage.dll
0x00007ffb10ff0000 - 0x00007ffb1121e000 	C:\WINDOWS\SYSTEM32\DBGHELP.DLL
0x00007ffb1e680000 - 0x00007ffb1ea09000 	C:\WINDOWS\System32\combase.dll
0x00007ffb1fef0000 - 0x00007ffb1ffc7000 	C:\WINDOWS\System32\OLEAUT32.dll
0x00007ffb09100000 - 0x00007ffb09132000 	C:\WINDOWS\SYSTEM32\dbgcore.DLL
0x00007ffb1da00000 - 0x00007ffb1da7b000 	C:\WINDOWS\System32\bcryptPrimitives.dll
0x00007ffa99ff0000 - 0x00007ffa9a016000 	C:\Program Files\Java\jdk-19\bin\java.dll
0x00007ffa99c70000 - 0x00007ffa99d47000 	C:\Program Files\Java\jdk-19\bin\jsvml.dll
0x00007ffb1f1e0000 - 0x00007ffb1f9d0000 	C:\WINDOWS\System32\SHELL32.dll
0x00007ffb1b460000 - 0x00007ffb1bd2d000 	C:\WINDOWS\SYSTEM32\windows.storage.dll
0x00007ffb1b320000 - 0x00007ffb1b45e000 	C:\WINDOWS\SYSTEM32\wintypes.dll
0x00007ffb1de40000 - 0x00007ffb1df31000 	C:\WINDOWS\System32\SHCORE.dll
0x00007ffb1df40000 - 0x00007ffb1df9e000 	C:\WINDOWS\System32\shlwapi.dll
0x00007ffb1d380000 - 0x00007ffb1d3a1000 	C:\WINDOWS\SYSTEM32\profapi.dll
0x00007ffa99c50000 - 0x00007ffa99c63000 	C:\Program Files\Java\jdk-19\bin\net.dll
0x00007ffb15c10000 - 0x00007ffb15d47000 	C:\WINDOWS\SYSTEM32\WINHTTP.dll
0x00007ffb1c910000 - 0x00007ffb1c979000 	C:\WINDOWS\system32\mswsock.dll
0x00007ffa99c30000 - 0x00007ffa99c46000 	C:\Program Files\Java\jdk-19\bin\nio.dll
0x00007ffa95ab0000 - 0x00007ffa95c41000 	C:\Program Files\Java\jdk-19\bin\awt.dll
0x00007ffb1a9b0000 - 0x00007ffb1aa46000 	C:\WINDOWS\SYSTEM32\apphelp.dll
0x00007ffb1acd0000 - 0x00007ffb1acfb000 	C:\WINDOWS\system32\DWMAPI.DLL
0x00007ffb1aa90000 - 0x00007ffb1ab3b000 	C:\WINDOWS\system32\uxtheme.dll
0x00007ffab7fb0000 - 0x00007ffab80b0000 	C:\WINDOWS\system32\opengl32.dll
0x00007ffafe3b0000 - 0x00007ffafe3dd000 	C:\WINDOWS\SYSTEM32\GLU32.dll
0x00007ffb1ab70000 - 0x00007ffb1aba6000 	C:\WINDOWS\SYSTEM32\dxcore.dll
0x00007ffb1ef60000 - 0x00007ffb1f07e000 	C:\WINDOWS\System32\MSCTF.dll
0x00007ffb1fa80000 - 0x00007ffb1fc1c000 	C:\WINDOWS\System32\ole32.dll
0x00007ffafa000000 - 0x00007ffafa1a9000 	C:\WINDOWS\system32\d3d9.dll
0x00007ffb144d0000 - 0x00007ffb1468b000 	C:\Windows\System32\DriverStore\FileRepository\u0381941.inf_amd64_e1aaf87b06e2b6d9\B380668\aticfx64.dll
0x00007ffb02c00000 - 0x00007ffb02c34000 	C:\Windows\System32\DriverStore\FileRepository\u0381941.inf_amd64_e1aaf87b06e2b6d9\B380668\atiu9p64.dll
0x00007ffae3ce0000 - 0x00007ffae4a35000 	C:\Windows\System32\DriverStore\FileRepository\u0381941.inf_amd64_e1aaf87b06e2b6d9\B380668\atiumd64.dll
0x0000000051660000 - 0x0000000052586000 	C:\WINDOWS\System32\DriverStore\FileRepository\u0381941.inf_amd64_e1aaf87b06e2b6d9\B380668\atiumd6a.dll
0x00007ffb1e070000 - 0x00007ffb1e4e4000 	C:\WINDOWS\System32\SETUPAPI.dll
0x00007ffb1d270000 - 0x00007ffb1d2bd000 	C:\WINDOWS\SYSTEM32\POWRPROF.dll
0x00007ffb1d150000 - 0x00007ffb1d163000 	C:\WINDOWS\SYSTEM32\UMPDC.dll
0x00007ffb10b00000 - 0x00007ffb10b35000 	C:\WINDOWS\SYSTEM32\amdihk64.dll
0x00007ffb187d0000 - 0x00007ffb18818000 	C:\WINDOWS\SYSTEM32\directxdatabasehelper.dll

dbghelp: loaded successfully - version: 4.0.5 - missing functions: none
symbol engine: initialized successfully - sym options: 0x614 - pdb path: .;C:\Program Files\Java\jdk-19\bin;C:\WINDOWS\SYSTEM32;C:\WINDOWS\WinSxS\amd64_microsoft.windows.common-controls_6595b64144ccf1df_6.0.22621.608_none_a9444ca7c10bb01d;C:\Program Files\Java\jdk-19\bin\server;C:\Windows\System32\DriverStore\FileRepository\u0381941.inf_amd64_e1aaf87b06e2b6d9\B380668

VM Arguments:
jvm_args: -Dfile.encoding=UTF-8 --module-path=D:\Universidad\7MO SEMESTRE\Disenio y programacion\TALLER GUI\gui\bin -XX:+ShowCodeDetailsInExceptionMessages -Djdk.module.main=gui 
java_command: gui/gui.VentanaExpoCanina
java_class_path (initial): <not set>
Launcher Type: SUN_STANDARD

[Global flags]
     intx CICompilerCount                          = 4                                         {product} {ergonomic}
     uint ConcGCThreads                            = 2                                         {product} {ergonomic}
     uint G1ConcRefinementThreads                  = 8                                         {product} {ergonomic}
   size_t G1HeapRegionSize                         = 2097152                                   {product} {ergonomic}
    uintx GCDrainStackTargetSize                   = 64                                        {product} {ergonomic}
   size_t InitialHeapSize                          = 234881024                                 {product} {ergonomic}
   size_t MarkStackSize                            = 4194304                                   {product} {ergonomic}
   size_t MaxHeapSize                              = 3745513472                                {product} {ergonomic}
   size_t MaxNewSize                               = 2246049792                                {product} {ergonomic}
   size_t MinHeapDeltaBytes                        = 2097152                                   {product} {ergonomic}
   size_t MinHeapSize                              = 8388608                                   {product} {ergonomic}
    uintx NonNMethodCodeHeapSize                   = 5839372                                {pd product} {ergonomic}
    uintx NonProfiledCodeHeapSize                  = 122909434                              {pd product} {ergonomic}
    uintx ProfiledCodeHeapSize                     = 122909434                              {pd product} {ergonomic}
    uintx ReservedCodeCacheSize                    = 251658240                              {pd product} {ergonomic}
     bool SegmentedCodeCache                       = true                                      {product} {ergonomic}
     bool ShowCodeDetailsInExceptionMessages       = true                                   {manageable} {command line}
   size_t SoftMaxHeapSize                          = 3745513472                             {manageable} {ergonomic}
     bool UseCompressedClassPointers               = true                           {product lp64_product} {ergonomic}
     bool UseCompressedOops                        = true                           {product lp64_product} {ergonomic}
     bool UseG1GC                                  = true                                      {product} {ergonomic}
     bool UseLargePagesIndividualAllocation        = false                                  {pd product} {ergonomic}

Logging:
Log output configuration:
 #0: stdout all=warning uptime,level,tags foldmultilines=false
 #1: stderr all=off uptime,level,tags foldmultilines=false

Environment Variables:
PATH=C:\Program Files\Common Files\Oracle\Java\javapath;C:\Program Files (x86)\Common Files\Intel\Shared Libraries\redist\intel64\compiler;C:\ProgramData\Oracle\Java\javapath;C:\WINDOWS\system32;C:\WINDOWS;C:\WINDOWS\System32\Wbem;C:\WINDOWS\System32\WindowsPowerShell\v1.0\;C:\WINDOWS\System32\OpenSSH\;C:\Program Files\dotnet\;C:\Users\valen\AppData\Local\Programs\Python\Python310\Scripts\;C:\Users\valen\AppData\Local\Programs\Python\Python310\;C:\Users\valen\AppData\Local\Microsoft\WindowsApps;C:\Users\valen\AppData\Local\Programs\Microsoft VS Code\bin;C:\Users\valen\AppData\Local\GitHubDesktop\bin
USERNAME=Valentina
OS=Windows_NT
PROCESSOR_IDENTIFIER=AMD64 Family 23 Model 24 Stepping 1, AuthenticAMD
TMP=C:\Users\valen\AppData\Local\Temp
TEMP=C:\Users\valen\AppData\Local\Temp



---------------  S Y S T E M  ---------------

OS:
 Windows 11 , 64 bit Build 22621 (10.0.22621.1485)
OS uptime: 0 days 8:45 hours

CPU: total 8 (initial active 8) (8 cores per cpu, 2 threads per core) family 23 model 24 stepping 1 microcode 0x0, cx8, cmov, fxsr, ht, mmx, 3dnowpref, sse, sse2, sse3, ssse3, sse4a, sse4.1, sse4.2, popcnt, lzcnt, tsc, tscinvbit, avx, avx2, aes, clmul, bmi1, bmi2, adx, sha, fma, vzeroupper, clflush, clflushopt, rdtscp

Memory: 4k page, system-wide physical 14284M (1384M free)
TotalPageFile size 57292M (AvailPageFile size 1M)
current process WorkingSet (physical memory assigned to process): 54M, peak: 54M
current process commit charge ("private bytes"): 332M, peak: 332M

vm_info: Java HotSpot(TM) 64-Bit Server VM (19.0.2+7-44) for windows-amd64 JRE (19.0.2+7-44), built on 2022-11-30T18:02:09Z by "mach5one" with MS VC++ 17.1 (VS2022)

END.
