#
# There is insufficient memory for the Java Runtime Environment to continue.
# Native memory allocation (mmap) failed to map 65536 bytes for Failed to commit metaspace.
# Possible reasons:
#   The system is out of physical RAM or swap space
#   The process is running with CompressedOops enabled, and the Java Heap may be blocking the growth of the native heap
# Possible solutions:
#   Reduce memory load on the system
#   Increase physical memory or swap space
#   Check if swap backing store is full
#   Decrease Java heap size (-Xmx/-Xms)
#   Decrease number of Java threads
#   Decrease Java thread stack sizes (-Xss)
#   Set larger code cache with -XX:ReservedCodeCacheSize=
#   JVM is running with Zero Based Compressed Oops mode in which the Java heap is
#     placed in the first 32GB address space. The Java Heap base address is the
#     maximum limit for the native heap growth. Please use -XX:HeapBaseMinAddress
#     to set the Java Heap base and to place the Java Heap above 32GB virtual address.
# This output file may be truncated or incomplete.
#
#  Out of Memory Error (virtualSpaceNode.cpp:110), pid=38584, tid=41552
#
# JRE version: Java(TM) SE Runtime Environment (19.0.2+7) (build 19.0.2+7-44)
# Java VM: Java HotSpot(TM) 64-Bit Server VM (19.0.2+7-44, mixed mode, sharing, tiered, compressed oops, compressed class ptrs, g1 gc, windows-amd64)
# No core dump will be written. Minidumps are not enabled by default on client versions of Windows
#

---------------  S U M M A R Y ------------

Command Line: -Dfile.encoding=UTF-8 --module-path=D:\Universidad\7MO SEMESTRE\Disenio y programacion\TALLER GUI\gui\bin -XX:+ShowCodeDetailsInExceptionMessages -Djdk.module.main=gui gui/gui.VentanaExpoCanina

Host: AMD Ryzen 5 3400G with Radeon Vega Graphics    , 8 cores, 13G,  Windows 11 , 64 bit Build 22621 (10.0.22621.1485)
Time: Sun Apr 16 19:23:02 2023 SA Pacific Standard Time elapsed time: 0.337747 seconds (0d 0h 0m 0s)

---------------  T H R E A D  ---------------

Current thread (0x0000021ec7e48410):  JavaThread "main" [_thread_in_vm, id=41552, stack(0x00000064db000000,0x00000064db100000)]

Stack: [0x00000064db000000,0x00000064db100000]
Native frames: (J=compiled Java code, j=interpreted, Vv=VM code, C=native code)
V  [jvm.dll+0x6ee21a]
V  [jvm.dll+0x85765e]
V  [jvm.dll+0x85904e]
V  [jvm.dll+0x859703]
V  [jvm.dll+0x28298f]
V  [jvm.dll+0x8532db]
V  [jvm.dll+0x692cb6]
V  [jvm.dll+0x692d1a]
V  [jvm.dll+0x695613]
V  [jvm.dll+0x6954de]
V  [jvm.dll+0x6936de]
V  [jvm.dll+0x26e12f]
V  [jvm.dll+0x69dcc5]
V  [jvm.dll+0x21e072]
V  [jvm.dll+0x21e5a5]
V  [jvm.dll+0x21ef01]
V  [jvm.dll+0x2146a1]
V  [jvm.dll+0x5a9cb6]
V  [jvm.dll+0x2257aa]
V  [jvm.dll+0x7cc802]
V  [jvm.dll+0x7cdc4a]
V  [jvm.dll+0x7cdf78]
V  [jvm.dll+0x271e1b]
V  [jvm.dll+0x3da25e]
C  0x0000021ed730d33d

Java frames: (J=compiled Java code, j=interpreted, Vv=VM code)
j  javax.swing.JPanel.<init>(Z)V+1 java.desktop@19.0.2
j  javax.swing.JPanel.<init>()V+2 java.desktop@19.0.2
j  javax.swing.JRootPane.createGlassPane()Ljava/awt/Component;+4 java.desktop@19.0.2
j  javax.swing.JRootPane.<init>()V+11 java.desktop@19.0.2
j  javax.swing.JFrame.createRootPane()Ljavax/swing/JRootPane;+4 java.desktop@19.0.2
j  javax.swing.JFrame.frameInit()V+16 java.desktop@19.0.2
j  javax.swing.JFrame.<init>()V+20 java.desktop@19.0.2
j  gui.VentanaExpoCanina.<init>()V+1 gui
j  gui.VentanaExpoCanina.main([Ljava/lang/String;)V+3 gui
v  ~StubRoutines::call_stub 0x0000021ed72e100e

---------------  P R O C E S S  ---------------

Threads class SMR info:
_java_thread_list=0x0000021eee5c6030, length=15, elements={
0x0000021ec7e48410, 0x0000021ee9fafdc0, 0x0000021ee9fb0a90, 0x0000021ee9fb6c40,
0x0000021ee9fb9580, 0x0000021ee9fbc800, 0x0000021ee9fbea80, 0x0000021ee9fc4130,
0x0000021ee9fc5240, 0x0000021ee9fd8bb0, 0x0000021ee9fd9650, 0x0000021ee9fd9100,
0x0000021ee9fd9ba0, 0x0000021ee9fda0f0, 0x0000021ee9fda640
}

Java Threads: ( => current thread )
=>0x0000021ec7e48410 JavaThread "main" [_thread_in_vm, id=41552, stack(0x00000064db000000,0x00000064db100000)]
  0x0000021ee9fafdc0 JavaThread "Reference Handler" daemon [_thread_blocked, id=41580, stack(0x00000064db700000,0x00000064db800000)]
  0x0000021ee9fb0a90 JavaThread "Finalizer" daemon [_thread_blocked, id=41588, stack(0x00000064db800000,0x00000064db900000)]
  0x0000021ee9fb6c40 JavaThread "Signal Dispatcher" daemon [_thread_blocked, id=41576, stack(0x00000064db900000,0x00000064dba00000)]
  0x0000021ee9fb9580 JavaThread "Attach Listener" daemon [_thread_blocked, id=41604, stack(0x00000064dba00000,0x00000064dbb00000)]
  0x0000021ee9fbc800 JavaThread "Service Thread" daemon [_thread_blocked, id=41608, stack(0x00000064dbb00000,0x00000064dbc00000)]
  0x0000021ee9fbea80 JavaThread "Monitor Deflation Thread" daemon [_thread_blocked, id=23600, stack(0x00000064dbc00000,0x00000064dbd00000)]
  0x0000021ee9fc4130 JavaThread "C2 CompilerThread0" daemon [_thread_blocked, id=38016, stack(0x00000064dbd00000,0x00000064dbe00000)]
  0x0000021ee9fc5240 JavaThread "C1 CompilerThread0" daemon [_thread_blocked, id=41232, stack(0x00000064dbe00000,0x00000064dbf00000)]
  0x0000021ee9fd8bb0 JavaThread "Sweeper thread" daemon [_thread_blocked, id=38572, stack(0x00000064dbf00000,0x00000064dc000000)]
  0x0000021ee9fd9650 JavaThread "Common-Cleaner" daemon [_thread_blocked, id=39516, stack(0x00000064dc000000,0x00000064dc100000)]
  0x0000021ee9fd9100 JavaThread "Notification Thread" daemon [_thread_blocked, id=26484, stack(0x00000064dc100000,0x00000064dc200000)]
  0x0000021ee9fd9ba0 JavaThread "Java2D Disposer" daemon [_thread_blocked, id=17732, stack(0x00000064dc300000,0x00000064dc400000)]
  0x0000021ee9fda0f0 JavaThread "AWT-Shutdown" [_thread_blocked, id=20712, stack(0x00000064dc400000,0x00000064dc500000)]
  0x0000021ee9fda640 JavaThread "AWT-Windows" daemon [_thread_in_native, id=35980, stack(0x00000064dc500000,0x00000064dc600000)]

Other Threads:
  0x0000021ee9f95440 VMThread "VM Thread" [stack: 0x00000064db600000,0x00000064db700000] [id=41572]
  0x0000021eee53fe90 WatcherThread "VM Periodic Task Thread" [stack: 0x00000064dc200000,0x00000064dc300000] [id=6328]
  0x0000021ec7eafc50 WorkerThread "GC Thread#0" [stack: 0x00000064db100000,0x00000064db200000] [id=41556]
  0x0000021ec7ec04b0 ConcurrentGCThread "G1 Main Marker" [stack: 0x00000064db200000,0x00000064db300000] [id=41536]
  0x0000021ec7ec0df0 WorkerThread "G1 Conc#0" [stack: 0x00000064db300000,0x00000064db400000] [id=41560]
  0x0000021ee9e534e0 ConcurrentGCThread "G1 Refine#0" [stack: 0x00000064db400000,0x00000064db500000] [id=41568]
  0x0000021ee9e53f30 ConcurrentGCThread "G1 Service" [stack: 0x00000064db500000,0x00000064db600000] [id=41564]

Threads with active compile tasks:

VM state: not at safepoint (normal execution)

VM Mutex/Monitor currently owned by a thread:  ([mutex/lock_event])
[0x0000021ec5ce2220] Metaspace_lock - owner thread: 0x0000021ec7e48410

Heap address: 0x0000000720c00000, size: 3572 MB, Compressed Oops mode: Zero based, Oop shift amount: 3

CDS archive(s) mapped at: [0x0000000800000000-0x0000000800c40000-0x0000000800c40000), size 12845056, SharedBaseAddress: 0x0000000800000000, ArchiveRelocationMode: 0.
Compressed class space mapped at: 0x0000000801000000-0x0000000841000000, reserved size: 1073741824
Narrow klass base: 0x0000000800000000, Narrow klass shift: 0, Narrow klass range: 0x100000000

GC Precious Log:
 CardTable entry size: 512
 Card Set container configuration: InlinePtr #cards 4 size 8 Array Of Cards #cards 16 size 48 Howl #buckets 8 coarsen threshold 3686 Howl Bitmap #cards 512 size 80 coarsen threshold 460 Card regions per heap region 1 cards per card region 4096
 CPUs: 8 total, 8 available
 Memory: 14284M
 Large Page Support: Disabled
 NUMA Support: Disabled
 Compressed Oops: Enabled (Zero based)
 Heap Region Size: 2M
 Heap Min Capacity: 8M
 Heap Initial Capacity: 224M
 Heap Max Capacity: 3572M
 Pre-touch: Disabled
 Parallel Workers: 8
 Concurrent Workers: 2
 Concurrent Refinement Workers: 8
 Periodic GC: Disabled

Heap:
 garbage-first heap   total 229376K, used 4096K [0x0000000720c00000, 0x0000000800000000)
  region size 2048K, 3 young (6144K), 0 survivors (0K)
 Metaspace       used 3280K, committed 3456K, reserved 1114112K
  class space    used 340K, committed 448K, reserved 1048576K

Heap Regions: E=young(eden), S=young(survivor), O=old, HS=humongous(starts), HC=humongous(continues), CS=collection set, F=free, OA=open archive, CA=closed archive, TAMS=top-at-mark-start (previous, next)
|   0|0x0000000720c00000, 0x0000000720c00000, 0x0000000720e00000|  0%| F|  |TAMS 0x0000000720c00000, 0x0000000720c00000| Untracked 
|   1|0x0000000720e00000, 0x0000000720e00000, 0x0000000721000000|  0%| F|  |TAMS 0x0000000720e00000, 0x0000000720e00000| Untracked 
|   2|0x0000000721000000, 0x0000000721000000, 0x0000000721200000|  0%| F|  |TAMS 0x0000000721000000, 0x0000000721000000| Untracked 
|   3|0x0000000721200000, 0x0000000721200000, 0x0000000721400000|  0%| F|  |TAMS 0x0000000721200000, 0x0000000721200000| Untracked 
|   4|0x0000000721400000, 0x0000000721400000, 0x0000000721600000|  0%| F|  |TAMS 0x0000000721400000, 0x0000000721400000| Untracked 
|   5|0x0000000721600000, 0x0000000721600000, 0x0000000721800000|  0%| F|  |TAMS 0x0000000721600000, 0x0000000721600000| Untracked 
|   6|0x0000000721800000, 0x0000000721800000, 0x0000000721a00000|  0%| F|  |TAMS 0x0000000721800000, 0x0000000721800000| Untracked 
|   7|0x0000000721a00000, 0x0000000721a00000, 0x0000000721c00000|  0%| F|  |TAMS 0x0000000721a00000, 0x0000000721a00000| Untracked 
|   8|0x0000000721c00000, 0x0000000721c00000, 0x0000000721e00000|  0%| F|  |TAMS 0x0000000721c00000, 0x0000000721c00000| Untracked 
|   9|0x0000000721e00000, 0x0000000721e00000, 0x0000000722000000|  0%| F|  |TAMS 0x0000000721e00000, 0x0000000721e00000| Untracked 
|  10|0x0000000722000000, 0x0000000722000000, 0x0000000722200000|  0%| F|  |TAMS 0x0000000722000000, 0x0000000722000000| Untracked 
|  11|0x0000000722200000, 0x0000000722200000, 0x0000000722400000|  0%| F|  |TAMS 0x0000000722200000, 0x0000000722200000| Untracked 
|  12|0x0000000722400000, 0x0000000722400000, 0x0000000722600000|  0%| F|  |TAMS 0x0000000722400000, 0x0000000722400000| Untracked 
|  13|0x0000000722600000, 0x0000000722600000, 0x0000000722800000|  0%| F|  |TAMS 0x0000000722600000, 0x0000000722600000| Untracked 
|  14|0x0000000722800000, 0x0000000722800000, 0x0000000722a00000|  0%| F|  |TAMS 0x0000000722800000, 0x0000000722800000| Untracked 
|  15|0x0000000722a00000, 0x0000000722a00000, 0x0000000722c00000|  0%| F|  |TAMS 0x0000000722a00000, 0x0000000722a00000| Untracked 
|  16|0x0000000722c00000, 0x0000000722c00000, 0x0000000722e00000|  0%| F|  |TAMS 0x0000000722c00000, 0x0000000722c00000| Untracked 
|  17|0x0000000722e00000, 0x0000000722e00000, 0x0000000723000000|  0%| F|  |TAMS 0x0000000722e00000, 0x0000000722e00000| Untracked 
|  18|0x0000000723000000, 0x0000000723000000, 0x0000000723200000|  0%| F|  |TAMS 0x0000000723000000, 0x0000000723000000| Untracked 
|  19|0x0000000723200000, 0x0000000723200000, 0x0000000723400000|  0%| F|  |TAMS 0x0000000723200000, 0x0000000723200000| Untracked 
|  20|0x0000000723400000, 0x0000000723400000, 0x0000000723600000|  0%| F|  |TAMS 0x0000000723400000, 0x0000000723400000| Untracked 
|  21|0x0000000723600000, 0x0000000723600000, 0x0000000723800000|  0%| F|  |TAMS 0x0000000723600000, 0x0000000723600000| Untracked 
|  22|0x0000000723800000, 0x0000000723800000, 0x0000000723a00000|  0%| F|  |TAMS 0x0000000723800000, 0x0000000723800000| Untracked 
|  23|0x0000000723a00000, 0x0000000723a00000, 0x0000000723c00000|  0%| F|  |TAMS 0x0000000723a00000, 0x0000000723a00000| Untracked 
|  24|0x0000000723c00000, 0x0000000723c00000, 0x0000000723e00000|  0%| F|  |TAMS 0x0000000723c00000, 0x0000000723c00000| Untracked 
|  25|0x0000000723e00000, 0x0000000723e00000, 0x0000000724000000|  0%| F|  |TAMS 0x0000000723e00000, 0x0000000723e00000| Untracked 
|  26|0x0000000724000000, 0x0000000724000000, 0x0000000724200000|  0%| F|  |TAMS 0x0000000724000000, 0x0000000724000000| Untracked 
|  27|0x0000000724200000, 0x0000000724200000, 0x0000000724400000|  0%| F|  |TAMS 0x0000000724200000, 0x0000000724200000| Untracked 
|  28|0x0000000724400000, 0x0000000724400000, 0x0000000724600000|  0%| F|  |TAMS 0x0000000724400000, 0x0000000724400000| Untracked 
|  29|0x0000000724600000, 0x0000000724600000, 0x0000000724800000|  0%| F|  |TAMS 0x0000000724600000, 0x0000000724600000| Untracked 
|  30|0x0000000724800000, 0x0000000724800000, 0x0000000724a00000|  0%| F|  |TAMS 0x0000000724800000, 0x0000000724800000| Untracked 
|  31|0x0000000724a00000, 0x0000000724a00000, 0x0000000724c00000|  0%| F|  |TAMS 0x0000000724a00000, 0x0000000724a00000| Untracked 
|  32|0x0000000724c00000, 0x0000000724c00000, 0x0000000724e00000|  0%| F|  |TAMS 0x0000000724c00000, 0x0000000724c00000| Untracked 
|  33|0x0000000724e00000, 0x0000000724e00000, 0x0000000725000000|  0%| F|  |TAMS 0x0000000724e00000, 0x0000000724e00000| Untracked 
|  34|0x0000000725000000, 0x0000000725000000, 0x0000000725200000|  0%| F|  |TAMS 0x0000000725000000, 0x0000000725000000| Untracked 
|  35|0x0000000725200000, 0x0000000725200000, 0x0000000725400000|  0%| F|  |TAMS 0x0000000725200000, 0x0000000725200000| Untracked 
|  36|0x0000000725400000, 0x0000000725400000, 0x0000000725600000|  0%| F|  |TAMS 0x0000000725400000, 0x0000000725400000| Untracked 
|  37|0x0000000725600000, 0x0000000725600000, 0x0000000725800000|  0%| F|  |TAMS 0x0000000725600000, 0x0000000725600000| Untracked 
|  38|0x0000000725800000, 0x0000000725800000, 0x0000000725a00000|  0%| F|  |TAMS 0x0000000725800000, 0x0000000725800000| Untracked 
|  39|0x0000000725a00000, 0x0000000725a00000, 0x0000000725c00000|  0%| F|  |TAMS 0x0000000725a00000, 0x0000000725a00000| Untracked 
|  40|0x0000000725c00000, 0x0000000725c00000, 0x0000000725e00000|  0%| F|  |TAMS 0x0000000725c00000, 0x0000000725c00000| Untracked 
|  41|0x0000000725e00000, 0x0000000725e00000, 0x0000000726000000|  0%| F|  |TAMS 0x0000000725e00000, 0x0000000725e00000| Untracked 
|  42|0x0000000726000000, 0x0000000726000000, 0x0000000726200000|  0%| F|  |TAMS 0x0000000726000000, 0x0000000726000000| Untracked 
|  43|0x0000000726200000, 0x0000000726200000, 0x0000000726400000|  0%| F|  |TAMS 0x0000000726200000, 0x0000000726200000| Untracked 
|  44|0x0000000726400000, 0x0000000726400000, 0x0000000726600000|  0%| F|  |TAMS 0x0000000726400000, 0x0000000726400000| Untracked 
|  45|0x0000000726600000, 0x0000000726600000, 0x0000000726800000|  0%| F|  |TAMS 0x0000000726600000, 0x0000000726600000| Untracked 
|  46|0x0000000726800000, 0x0000000726800000, 0x0000000726a00000|  0%| F|  |TAMS 0x0000000726800000, 0x0000000726800000| Untracked 
|  47|0x0000000726a00000, 0x0000000726a00000, 0x0000000726c00000|  0%| F|  |TAMS 0x0000000726a00000, 0x0000000726a00000| Untracked 
|  48|0x0000000726c00000, 0x0000000726c00000, 0x0000000726e00000|  0%| F|  |TAMS 0x0000000726c00000, 0x0000000726c00000| Untracked 
|  49|0x0000000726e00000, 0x0000000726e00000, 0x0000000727000000|  0%| F|  |TAMS 0x0000000726e00000, 0x0000000726e00000| Untracked 
|  50|0x0000000727000000, 0x0000000727000000, 0x0000000727200000|  0%| F|  |TAMS 0x0000000727000000, 0x0000000727000000| Untracked 
|  51|0x0000000727200000, 0x0000000727200000, 0x0000000727400000|  0%| F|  |TAMS 0x0000000727200000, 0x0000000727200000| Untracked 
|  52|0x0000000727400000, 0x0000000727400000, 0x0000000727600000|  0%| F|  |TAMS 0x0000000727400000, 0x0000000727400000| Untracked 
|  53|0x0000000727600000, 0x0000000727600000, 0x0000000727800000|  0%| F|  |TAMS 0x0000000727600000, 0x0000000727600000| Untracked 
|  54|0x0000000727800000, 0x0000000727800000, 0x0000000727a00000|  0%| F|  |TAMS 0x0000000727800000, 0x0000000727800000| Untracked 
|  55|0x0000000727a00000, 0x0000000727a00000, 0x0000000727c00000|  0%| F|  |TAMS 0x0000000727a00000, 0x0000000727a00000| Untracked 
|  56|0x0000000727c00000, 0x0000000727c00000, 0x0000000727e00000|  0%| F|  |TAMS 0x0000000727c00000, 0x0000000727c00000| Untracked 
|  57|0x0000000727e00000, 0x0000000727e00000, 0x0000000728000000|  0%| F|  |TAMS 0x0000000727e00000, 0x0000000727e00000| Untracked 
|  58|0x0000000728000000, 0x0000000728000000, 0x0000000728200000|  0%| F|  |TAMS 0x0000000728000000, 0x0000000728000000| Untracked 
|  59|0x0000000728200000, 0x0000000728200000, 0x0000000728400000|  0%| F|  |TAMS 0x0000000728200000, 0x0000000728200000| Untracked 
|  60|0x0000000728400000, 0x0000000728400000, 0x0000000728600000|  0%| F|  |TAMS 0x0000000728400000, 0x0000000728400000| Untracked 
|  61|0x0000000728600000, 0x0000000728600000, 0x0000000728800000|  0%| F|  |TAMS 0x0000000728600000, 0x0000000728600000| Untracked 
|  62|0x0000000728800000, 0x0000000728800000, 0x0000000728a00000|  0%| F|  |TAMS 0x0000000728800000, 0x0000000728800000| Untracked 
|  63|0x0000000728a00000, 0x0000000728a00000, 0x0000000728c00000|  0%| F|  |TAMS 0x0000000728a00000, 0x0000000728a00000| Untracked 
|  64|0x0000000728c00000, 0x0000000728c00000, 0x0000000728e00000|  0%| F|  |TAMS 0x0000000728c00000, 0x0000000728c00000| Untracked 
|  65|0x0000000728e00000, 0x0000000728e00000, 0x0000000729000000|  0%| F|  |TAMS 0x0000000728e00000, 0x0000000728e00000| Untracked 
|  66|0x0000000729000000, 0x0000000729000000, 0x0000000729200000|  0%| F|  |TAMS 0x0000000729000000, 0x0000000729000000| Untracked 
|  67|0x0000000729200000, 0x0000000729200000, 0x0000000729400000|  0%| F|  |TAMS 0x0000000729200000, 0x0000000729200000| Untracked 
|  68|0x0000000729400000, 0x0000000729400000, 0x0000000729600000|  0%| F|  |TAMS 0x0000000729400000, 0x0000000729400000| Untracked 
|  69|0x0000000729600000, 0x0000000729600000, 0x0000000729800000|  0%| F|  |TAMS 0x0000000729600000, 0x0000000729600000| Untracked 
|  70|0x0000000729800000, 0x0000000729800000, 0x0000000729a00000|  0%| F|  |TAMS 0x0000000729800000, 0x0000000729800000| Untracked 
|  71|0x0000000729a00000, 0x0000000729a00000, 0x0000000729c00000|  0%| F|  |TAMS 0x0000000729a00000, 0x0000000729a00000| Untracked 
|  72|0x0000000729c00000, 0x0000000729c00000, 0x0000000729e00000|  0%| F|  |TAMS 0x0000000729c00000, 0x0000000729c00000| Untracked 
|  73|0x0000000729e00000, 0x0000000729e00000, 0x000000072a000000|  0%| F|  |TAMS 0x0000000729e00000, 0x0000000729e00000| Untracked 
|  74|0x000000072a000000, 0x000000072a000000, 0x000000072a200000|  0%| F|  |TAMS 0x000000072a000000, 0x000000072a000000| Untracked 
|  75|0x000000072a200000, 0x000000072a200000, 0x000000072a400000|  0%| F|  |TAMS 0x000000072a200000, 0x000000072a200000| Untracked 
|  76|0x000000072a400000, 0x000000072a400000, 0x000000072a600000|  0%| F|  |TAMS 0x000000072a400000, 0x000000072a400000| Untracked 
|  77|0x000000072a600000, 0x000000072a600000, 0x000000072a800000|  0%| F|  |TAMS 0x000000072a600000, 0x000000072a600000| Untracked 
|  78|0x000000072a800000, 0x000000072a800000, 0x000000072aa00000|  0%| F|  |TAMS 0x000000072a800000, 0x000000072a800000| Untracked 
|  79|0x000000072aa00000, 0x000000072aa00000, 0x000000072ac00000|  0%| F|  |TAMS 0x000000072aa00000, 0x000000072aa00000| Untracked 
|  80|0x000000072ac00000, 0x000000072ac00000, 0x000000072ae00000|  0%| F|  |TAMS 0x000000072ac00000, 0x000000072ac00000| Untracked 
|  81|0x000000072ae00000, 0x000000072ae00000, 0x000000072b000000|  0%| F|  |TAMS 0x000000072ae00000, 0x000000072ae00000| Untracked 
|  82|0x000000072b000000, 0x000000072b000000, 0x000000072b200000|  0%| F|  |TAMS 0x000000072b000000, 0x000000072b000000| Untracked 
|  83|0x000000072b200000, 0x000000072b200000, 0x000000072b400000|  0%| F|  |TAMS 0x000000072b200000, 0x000000072b200000| Untracked 
|  84|0x000000072b400000, 0x000000072b400000, 0x000000072b600000|  0%| F|  |TAMS 0x000000072b400000, 0x000000072b400000| Untracked 
|  85|0x000000072b600000, 0x000000072b600000, 0x000000072b800000|  0%| F|  |TAMS 0x000000072b600000, 0x000000072b600000| Untracked 
|  86|0x000000072b800000, 0x000000072b800000, 0x000000072ba00000|  0%| F|  |TAMS 0x000000072b800000, 0x000000072b800000| Untracked 
|  87|0x000000072ba00000, 0x000000072ba00000, 0x000000072bc00000|  0%| F|  |TAMS 0x000000072ba00000, 0x000000072ba00000| Untracked 
|  88|0x000000072bc00000, 0x000000072bc00000, 0x000000072be00000|  0%| F|  |TAMS 0x000000072bc00000, 0x000000072bc00000| Untracked 
|  89|0x000000072be00000, 0x000000072be00000, 0x000000072c000000|  0%| F|  |TAMS 0x000000072be00000, 0x000000072be00000| Untracked 
|  90|0x000000072c000000, 0x000000072c000000, 0x000000072c200000|  0%| F|  |TAMS 0x000000072c000000, 0x000000072c000000| Untracked 
|  91|0x000000072c200000, 0x000000072c200000, 0x000000072c400000|  0%| F|  |TAMS 0x000000072c200000, 0x000000072c200000| Untracked 
|  92|0x000000072c400000, 0x000000072c400000, 0x000000072c600000|  0%| F|  |TAMS 0x000000072c400000, 0x000000072c400000| Untracked 
|  93|0x000000072c600000, 0x000000072c600000, 0x000000072c800000|  0%| F|  |TAMS 0x000000072c600000, 0x000000072c600000| Untracked 
|  94|0x000000072c800000, 0x000000072c800000, 0x000000072ca00000|  0%| F|  |TAMS 0x000000072c800000, 0x000000072c800000| Untracked 
|  95|0x000000072ca00000, 0x000000072ca00000, 0x000000072cc00000|  0%| F|  |TAMS 0x000000072ca00000, 0x000000072ca00000| Untracked 
|  96|0x000000072cc00000, 0x000000072cc00000, 0x000000072ce00000|  0%| F|  |TAMS 0x000000072cc00000, 0x000000072cc00000| Untracked 
|  97|0x000000072ce00000, 0x000000072ce00000, 0x000000072d000000|  0%| F|  |TAMS 0x000000072ce00000, 0x000000072ce00000| Untracked 
|  98|0x000000072d000000, 0x000000072d000000, 0x000000072d200000|  0%| F|  |TAMS 0x000000072d000000, 0x000000072d000000| Untracked 
|  99|0x000000072d200000, 0x000000072d200000, 0x000000072d400000|  0%| F|  |TAMS 0x000000072d200000, 0x000000072d200000| Untracked 
| 100|0x000000072d400000, 0x000000072d400000, 0x000000072d600000|  0%| F|  |TAMS 0x000000072d400000, 0x000000072d400000| Untracked 
| 101|0x000000072d600000, 0x000000072d600000, 0x000000072d800000|  0%| F|  |TAMS 0x000000072d600000, 0x000000072d600000| Untracked 
| 102|0x000000072d800000, 0x000000072d800000, 0x000000072da00000|  0%| F|  |TAMS 0x000000072d800000, 0x000000072d800000| Untracked 
| 103|0x000000072da00000, 0x000000072da00000, 0x000000072dc00000|  0%| F|  |TAMS 0x000000072da00000, 0x000000072da00000| Untracked 
| 104|0x000000072dc00000, 0x000000072dc00000, 0x000000072de00000|  0%| F|  |TAMS 0x000000072dc00000, 0x000000072dc00000| Untracked 
| 105|0x000000072de00000, 0x000000072de00000, 0x000000072e000000|  0%| F|  |TAMS 0x000000072de00000, 0x000000072de00000| Untracked 
| 106|0x000000072e000000, 0x000000072e000000, 0x000000072e200000|  0%| F|  |TAMS 0x000000072e000000, 0x000000072e000000| Untracked 
| 107|0x000000072e200000, 0x000000072e200000, 0x000000072e400000|  0%| F|  |TAMS 0x000000072e200000, 0x000000072e200000| Untracked 
| 108|0x000000072e400000, 0x000000072e400000, 0x000000072e600000|  0%| F|  |TAMS 0x000000072e400000, 0x000000072e400000| Untracked 
| 109|0x000000072e600000, 0x000000072e671648, 0x000000072e800000| 22%| E|  |TAMS 0x000000072e600000, 0x000000072e600000| Complete 
| 110|0x000000072e800000, 0x000000072ea00000, 0x000000072ea00000|100%| E|CS|TAMS 0x000000072e800000, 0x000000072e800000| Complete 
| 111|0x000000072ea00000, 0x000000072ec00000, 0x000000072ec00000|100%| E|CS|TAMS 0x000000072ea00000, 0x000000072ea00000| Complete 

Card table byte_map: [0x0000021edf7e0000,0x0000021edfee0000] _byte_map_base: 0x0000021edbeda000

Marking Bits (Prev, Next): (CMBitMap*) 0x0000021ec7eb0190, (CMBitMap*) 0x0000021ec7eb01d0
 Prev Bits: [0x0000021ee05e0000, 0x0000021ee3db0000)
 Next Bits: [0x0000021ee3db0000, 0x0000021ee7580000)

Polling page: 0x0000021ec5e20000

Metaspace:

Usage:
  Non-class:      2.87 MB used.
      Class:    340.42 KB used.
       Both:      3.20 MB used.

Virtual space:
  Non-class space:       64.00 MB reserved,       2.94 MB (  5%) committed,  1 nodes.
      Class space:        1.00 GB reserved,     448.00 KB ( <1%) committed,  1 nodes.
             Both:        1.06 GB reserved,       3.38 MB ( <1%) committed. 

Chunk freelists:
   Non-Class:  3.92 MB
       Class:  3.53 MB
        Both:  7.45 MB

MaxMetaspaceSize: unlimited
CompressedClassSpaceSize: 1.00 GB
Initial GC threshold: 21.00 MB
Current GC threshold: 21.00 MB
CDS: on
MetaspaceReclaimPolicy: balanced
 - commit_granule_bytes: 65536.
 - commit_granule_words: 8192.
 - virtual_space_node_default_size: 8388608.
 - enlarge_chunks_in_place: 1.
 - new_chunks_are_fully_committed: 0.
 - uncommit_free_chunks: 1.
 - use_allocation_guard: 0.


Internal statistics:

num_allocs_failed_limit: 0.
num_arena_births: 76.
num_arena_deaths: 0.
num_vsnodes_births: 2.
num_vsnodes_deaths: 0.
num_space_committed: 54.
num_space_uncommitted: 0.
num_chunks_returned_to_freelist: 0.
num_chunks_taken_from_freelist: 82.
num_chunk_merges: 0.
num_chunk_splits: 59.
num_chunks_enlarged: 39.
num_inconsistent_stats: 0.

CodeHeap 'non-profiled nmethods': size=120000Kb used=115Kb max_used=115Kb free=119884Kb
 bounds [0x0000021ed7880000, 0x0000021ed7af0000, 0x0000021ededb0000]
CodeHeap 'profiled nmethods': size=120000Kb used=464Kb max_used=464Kb free=119535Kb
 bounds [0x0000021ecfdb0000, 0x0000021ed0020000, 0x0000021ed72e0000]
CodeHeap 'non-nmethods': size=5760Kb used=1269Kb max_used=1269Kb free=4491Kb
 bounds [0x0000021ed72e0000, 0x0000021ed7550000, 0x0000021ed7880000]
 total_blobs=840 nmethods=355 adapters=396
 compilation: enabled
              stopped_count=0, restarted_count=0
 full_count=0

Compilation events (20 events):
Event: 0.169 Thread 0x0000021ee9fc5240  345       3       jdk.internal.org.objectweb.asm.ByteVector::putByteArray (49 bytes)
Event: 0.169 Thread 0x0000021ee9fc5240 nmethod 345 0x0000021ecfe1f510 code [0x0000021ecfe1f6c0, 0x0000021ecfe1f998]
Event: 0.169 Thread 0x0000021ee9fc5240  346       1       java.lang.invoke.MethodHandles$Lookup::previousLookupClass (5 bytes)
Event: 0.169 Thread 0x0000021ee9fc5240 nmethod 346 0x0000021ed789c810 code [0x0000021ed789c9a0, 0x0000021ed789ca78]
Event: 0.170 Thread 0x0000021ee9fc5240  347       3       sun.invoke.util.VerifyAccess::isClassAccessible (230 bytes)
Event: 0.171 Thread 0x0000021ee9fc5240 nmethod 347 0x0000021ecfe1fa90 code [0x0000021ecfe1fda0, 0x0000021ecfe20c38]
Event: 0.171 Thread 0x0000021ee9fc5240  348       3       java.lang.invoke.MethodHandles$Lookup::lookupClassOrNull (17 bytes)
Event: 0.171 Thread 0x0000021ee9fc5240 nmethod 348 0x0000021ecfe21010 code [0x0000021ecfe211c0, 0x0000021ecfe21358]
Event: 0.171 Thread 0x0000021ee9fc5240  349       3       java.lang.invoke.MethodTypeForm::canonicalize (59 bytes)
Event: 0.171 Thread 0x0000021ee9fc5240 nmethod 349 0x0000021ecfe21410 code [0x0000021ecfe215e0, 0x0000021ecfe21908]
Event: 0.171 Thread 0x0000021ee9fc5240  350       3       java.lang.invoke.MethodType$ConcurrentWeakInternSet::add (66 bytes)
Event: 0.172 Thread 0x0000021ee9fc5240 nmethod 350 0x0000021ecfe21a10 code [0x0000021ecfe21c80, 0x0000021ecfe22948]
Event: 0.208 Thread 0x0000021ee9fc5240  351       3       java.lang.String::toString (2 bytes)
Event: 0.208 Thread 0x0000021ee9fc5240 nmethod 351 0x0000021ecfe22d90 code [0x0000021ecfe22f20, 0x0000021ecfe23038]
Event: 0.208 Thread 0x0000021ee9fc5240  352       3       java.lang.invoke.MemberName::<init> (50 bytes)
Event: 0.208 Thread 0x0000021ee9fc5240 nmethod 352 0x0000021ecfe23110 code [0x0000021ecfe23300, 0x0000021ecfe23618]
Event: 0.208 Thread 0x0000021ee9fc5240  353       3       java.lang.invoke.MemberName::getName (25 bytes)
Event: 0.208 Thread 0x0000021ee9fc5240 nmethod 353 0x0000021ecfe23790 code [0x0000021ecfe23960, 0x0000021ecfe23d08]
Event: 0.280 Thread 0x0000021ee9fc5240  355       3       java.lang.invoke.MethodType::basicType (8 bytes)
Event: 0.280 Thread 0x0000021ee9fc5240 nmethod 355 0x0000021ecfe23e10 code [0x0000021ecfe23fa0, 0x0000021ecfe240d8]

GC Heap History (0 events):
No events

Dll operation events (6 events):
Event: 0.007 Loaded shared library C:\Program Files\Java\jdk-19\bin\java.dll
Event: 0.015 Loaded shared library C:\Program Files\Java\jdk-19\bin\jsvml.dll
Event: 0.050 Loaded shared library C:\Program Files\Java\jdk-19\bin\net.dll
Event: 0.052 Loaded shared library C:\Program Files\Java\jdk-19\bin\nio.dll
Event: 0.099 Loaded shared library C:\Program Files\Java\jdk-19\bin\jimage.dll
Event: 0.115 Loaded shared library C:\Program Files\Java\jdk-19\bin\awt.dll

Deoptimization events (4 events):
Event: 0.085 Thread 0x0000021ec7e48410 Uncommon trap: trap_request=0xffffff45 fr.pc=0x0000021ed7888dc8 relative=0x00000000000000a8
Event: 0.085 Thread 0x0000021ec7e48410 Uncommon trap: reason=unstable_if action=reinterpret pc=0x0000021ed7888dc8 method=java.lang.String.isLatin1()Z @ 10 c2
Event: 0.085 Thread 0x0000021ec7e48410 DEOPT PACKING pc=0x0000021ed7888dc8 sp=0x00000064db0fef10
Event: 0.085 Thread 0x0000021ec7e48410 DEOPT UNPACKING pc=0x0000021ed7346da3 sp=0x00000064db0fee50 mode 2

Classes loaded (20 events):
Event: 0.304 Loading class javax/swing/KeyStroke$1 done
Event: 0.305 Loading class sun/awt/windows/WKeyboardFocusManagerPeer
Event: 0.305 Loading class sun/awt/KeyboardFocusManagerPeerImpl
Event: 0.305 Loading class java/awt/peer/KeyboardFocusManagerPeer
Event: 0.305 Loading class java/awt/peer/KeyboardFocusManagerPeer done
Event: 0.305 Loading class sun/awt/KeyboardFocusManagerPeerImpl done
Event: 0.305 Loading class sun/awt/windows/WKeyboardFocusManagerPeer done
Event: 0.305 Loading class javax/swing/JComponent$1
Event: 0.305 Loading class sun/swing/SwingAccessor$JComponentAccessor
Event: 0.305 Loading class sun/swing/SwingAccessor$JComponentAccessor done
Event: 0.305 Loading class javax/swing/JComponent$1 done
Event: 0.305 Loading class javax/swing/JComponent$2
Event: 0.305 Loading class javax/swing/JComponent$2 done
Event: 0.305 Loading class javax/swing/SwingUtilities
Event: 0.305 Loading class javax/swing/SwingConstants
Event: 0.305 Loading class javax/swing/SwingConstants done
Event: 0.306 Loading class javax/swing/SwingUtilities done
Event: 0.306 Loading class javax/swing/JRootPane
Event: 0.306 Loading class javax/swing/JRootPane done
Event: 0.306 Loading class java/awt/FlowLayout

Classes unloaded (0 events):
No events

Classes redefined (0 events):
No events

Internal exceptions (6 events):
Event: 0.063 Thread 0x0000021ec7e48410 Exception <a 'java/lang/NoSuchMethodError'{0x000000072eb8bbf0}: 'void java.lang.invoke.DirectMethodHandle$Holder.invokeVirtual(java.lang.Object, java.lang.Object)'> (0x000000072eb8bbf0) 
thrown [s\open\src\hotspot\share\interpreter\linkResolver.cpp, line 774]
Event: 0.100 Thread 0x0000021ec7e48410 Exception <a 'sun/nio/fs/WindowsException'{0x000000072e8dd738}> (0x000000072e8dd738) 
thrown [s\open\src\hotspot\share\prims\jni.cpp, line 517]
Event: 0.103 Thread 0x0000021ec7e48410 Exception <a 'java/lang/ClassNotFoundException'{0x000000072e8e3830}: sun/awt/resources/spi/awtProvider> (0x000000072e8e3830) 
thrown [s\open\src\hotspot\share\classfile\systemDictionary.cpp, line 255]
Event: 0.125 Thread 0x0000021ec7e48410 Exception <a 'java/io/FileNotFoundException'{0x000000072e93a140}> (0x000000072e93a140) 
thrown [s\open\src\hotspot\share\prims\jni.cpp, line 517]
Event: 0.132 Thread 0x0000021ec7e48410 Exception <a 'java/io/FileNotFoundException'{0x000000072e966c60}> (0x000000072e966c60) 
thrown [s\open\src\hotspot\share\prims\jni.cpp, line 517]
Event: 0.169 Thread 0x0000021ec7e48410 Exception <a 'java/lang/NoSuchMethodError'{0x000000072e9ab830}: 'java.lang.Object java.lang.invoke.DirectMethodHandle$Holder.invokeStaticInit(java.lang.Object)'> (0x000000072e9ab830) 
thrown [s\open\src\hotspot\share\interpreter\linkResolver.cpp, line 774]

VM Operations (4 events):
Event: 0.074 Executing VM operation: HandshakeAllThreads
Event: 0.074 Executing VM operation: HandshakeAllThreads done
Event: 0.138 Executing VM operation: HandshakeAllThreads
Event: 0.138 Executing VM operation: HandshakeAllThreads done

Events (15 events):
Event: 0.015 Thread 0x0000021ec7e48410 Thread added: 0x0000021ec7e48410
Event: 0.026 Thread 0x0000021ee9fafdc0 Thread added: 0x0000021ee9fafdc0
Event: 0.026 Thread 0x0000021ee9fb0a90 Thread added: 0x0000021ee9fb0a90
Event: 0.026 Thread 0x0000021ee9fb6c40 Thread added: 0x0000021ee9fb6c40
Event: 0.026 Thread 0x0000021ee9fb9580 Thread added: 0x0000021ee9fb9580
Event: 0.026 Thread 0x0000021ee9fbc800 Thread added: 0x0000021ee9fbc800
Event: 0.026 Thread 0x0000021ee9fbea80 Thread added: 0x0000021ee9fbea80
Event: 0.026 Thread 0x0000021ee9fc4130 Thread added: 0x0000021ee9fc4130
Event: 0.026 Thread 0x0000021ee9fc5240 Thread added: 0x0000021ee9fc5240
Event: 0.026 Thread 0x0000021ee9fd8bb0 Thread added: 0x0000021ee9fd8bb0
Event: 0.045 Thread 0x0000021ee9fd9650 Thread added: 0x0000021ee9fd9650
Event: 0.084 Thread 0x0000021ee9fd9100 Thread added: 0x0000021ee9fd9100
Event: 0.169 Thread 0x0000021ee9fd9ba0 Thread added: 0x0000021ee9fd9ba0
Event: 0.170 Thread 0x0000021ee9fda0f0 Thread added: 0x0000021ee9fda0f0
Event: 0.171 Thread 0x0000021ee9fda640 Thread added: 0x0000021ee9fda640


Dynamic libraries:
0x00007ff67d770000 - 0x00007ff67d780000 	C:\Program Files\Java\jdk-19\bin\javaw.exe
0x00007ffb20010000 - 0x00007ffb20224000 	C:\WINDOWS\SYSTEM32\ntdll.dll
0x00007ffb1f110000 - 0x00007ffb1f1d2000 	C:\WINDOWS\System32\KERNEL32.DLL
0x00007ffb1d450000 - 0x00007ffb1d7ec000 	C:\WINDOWS\System32\KERNELBASE.dll
0x00007ffb1dd00000 - 0x00007ffb1de11000 	C:\WINDOWS\System32\ucrtbase.dll
0x00007ffb09d70000 - 0x00007ffb09d88000 	C:\Program Files\Java\jdk-19\bin\jli.dll
0x00007ffa9a0b0000 - 0x00007ffa9a0cb000 	C:\Program Files\Java\jdk-19\bin\VCRUNTIME140.dll
0x00007ffb1ea20000 - 0x00007ffb1eace000 	C:\WINDOWS\System32\ADVAPI32.dll
0x00007ffb1f9d0000 - 0x00007ffb1fa77000 	C:\WINDOWS\System32\msvcrt.dll
0x00007ffb1dfa0000 - 0x00007ffb1e044000 	C:\WINDOWS\System32\sechost.dll
0x00007ffb1ed40000 - 0x00007ffb1ee57000 	C:\WINDOWS\System32\RPCRT4.dll
0x00007ffb1eb90000 - 0x00007ffb1ed3b000 	C:\WINDOWS\System32\USER32.dll
0x00007ffb07960000 - 0x00007ffb07bee000 	C:\WINDOWS\WinSxS\amd64_microsoft.windows.common-controls_6595b64144ccf1df_6.0.22621.608_none_a9444ca7c10bb01d\COMCTL32.dll
0x00007ffb1d910000 - 0x00007ffb1d936000 	C:\WINDOWS\System32\win32u.dll
0x00007ffb1e500000 - 0x00007ffb1e529000 	C:\WINDOWS\System32\GDI32.dll
0x00007ffb1d7f0000 - 0x00007ffb1d903000 	C:\WINDOWS\System32\gdi32full.dll
0x00007ffb1da80000 - 0x00007ffb1db1a000 	C:\WINDOWS\System32\msvcp_win.dll
0x00007ffb15e70000 - 0x00007ffb15e7a000 	C:\WINDOWS\SYSTEM32\VERSION.dll
0x00007ffb1feb0000 - 0x00007ffb1fee1000 	C:\WINDOWS\System32\IMM32.DLL
0x00007ffb1a8c0000 - 0x00007ffb1a8cc000 	C:\Program Files\Java\jdk-19\bin\vcruntime140_1.dll
0x00007ffa9a020000 - 0x00007ffa9a0ae000 	C:\Program Files\Java\jdk-19\bin\msvcp140.dll
0x00007ffa98920000 - 0x00007ffa995e0000 	C:\Program Files\Java\jdk-19\bin\server\jvm.dll
0x00007ffb06230000 - 0x00007ffb06239000 	C:\WINDOWS\SYSTEM32\WSOCK32.dll
0x00007ffb15740000 - 0x00007ffb15774000 	C:\WINDOWS\SYSTEM32\WINMM.dll
0x00007ffb1e600000 - 0x00007ffb1e671000 	C:\WINDOWS\System32\WS2_32.dll
0x00007ffb1c4a0000 - 0x00007ffb1c4b8000 	C:\WINDOWS\SYSTEM32\kernel.appcore.dll
0x00007ffb18c70000 - 0x00007ffb18c7a000 	C:\Program Files\Java\jdk-19\bin\jimage.dll
0x00007ffb10ff0000 - 0x00007ffb1121e000 	C:\WINDOWS\SYSTEM32\DBGHELP.DLL
0x00007ffb1e680000 - 0x00007ffb1ea09000 	C:\WINDOWS\System32\combase.dll
0x00007ffb1fef0000 - 0x00007ffb1ffc7000 	C:\WINDOWS\System32\OLEAUT32.dll
0x00007ffb09100000 - 0x00007ffb09132000 	C:\WINDOWS\SYSTEM32\dbgcore.DLL
0x00007ffb1da00000 - 0x00007ffb1da7b000 	C:\WINDOWS\System32\bcryptPrimitives.dll
0x00007ffa99ff0000 - 0x00007ffa9a016000 	C:\Program Files\Java\jdk-19\bin\java.dll
0x00007ffa99c70000 - 0x00007ffa99d47000 	C:\Program Files\Java\jdk-19\bin\jsvml.dll
0x00007ffb1f1e0000 - 0x00007ffb1f9d0000 	C:\WINDOWS\System32\SHELL32.dll
0x00007ffb1b460000 - 0x00007ffb1bd2d000 	C:\WINDOWS\SYSTEM32\windows.storage.dll
0x00007ffb1b320000 - 0x00007ffb1b45e000 	C:\WINDOWS\SYSTEM32\wintypes.dll
0x00007ffb1de40000 - 0x00007ffb1df31000 	C:\WINDOWS\System32\SHCORE.dll
0x00007ffb1df40000 - 0x00007ffb1df9e000 	C:\WINDOWS\System32\shlwapi.dll
0x00007ffb1d380000 - 0x00007ffb1d3a1000 	C:\WINDOWS\SYSTEM32\profapi.dll
0x00007ffa99c50000 - 0x00007ffa99c63000 	C:\Program Files\Java\jdk-19\bin\net.dll
0x00007ffb15c10000 - 0x00007ffb15d47000 	C:\WINDOWS\SYSTEM32\WINHTTP.dll
0x00007ffb1c910000 - 0x00007ffb1c979000 	C:\WINDOWS\system32\mswsock.dll
0x00007ffa99c30000 - 0x00007ffa99c46000 	C:\Program Files\Java\jdk-19\bin\nio.dll
0x00007ffa95ab0000 - 0x00007ffa95c41000 	C:\Program Files\Java\jdk-19\bin\awt.dll
0x00007ffb1a9b0000 - 0x00007ffb1aa46000 	C:\WINDOWS\SYSTEM32\apphelp.dll
0x00007ffb1acd0000 - 0x00007ffb1acfb000 	C:\WINDOWS\system32\DWMAPI.DLL
0x00007ffb1aa90000 - 0x00007ffb1ab3b000 	C:\WINDOWS\system32\uxtheme.dll
0x00007ffab7fb0000 - 0x00007ffab80b0000 	C:\WINDOWS\system32\opengl32.dll
0x00007ffafe3b0000 - 0x00007ffafe3dd000 	C:\WINDOWS\SYSTEM32\GLU32.dll
0x00007ffb1ab70000 - 0x00007ffb1aba6000 	C:\WINDOWS\SYSTEM32\dxcore.dll
0x00007ffb1ef60000 - 0x00007ffb1f07e000 	C:\WINDOWS\System32\MSCTF.dll
0x00007ffb1fa80000 - 0x00007ffb1fc1c000 	C:\WINDOWS\System32\ole32.dll
0x00007ffafa000000 - 0x00007ffafa1a9000 	C:\WINDOWS\system32\d3d9.dll
0x00007ffb144d0000 - 0x00007ffb1468b000 	C:\Windows\System32\DriverStore\FileRepository\u0381941.inf_amd64_e1aaf87b06e2b6d9\B380668\aticfx64.dll
0x00007ffb02c00000 - 0x00007ffb02c34000 	C:\Windows\System32\DriverStore\FileRepository\u0381941.inf_amd64_e1aaf87b06e2b6d9\B380668\atiu9p64.dll
0x00007ffae3ce0000 - 0x00007ffae4a35000 	C:\Windows\System32\DriverStore\FileRepository\u0381941.inf_amd64_e1aaf87b06e2b6d9\B380668\atiumd64.dll
0x0000000051660000 - 0x0000000052586000 	C:\WINDOWS\System32\DriverStore\FileRepository\u0381941.inf_amd64_e1aaf87b06e2b6d9\B380668\atiumd6a.dll
0x00007ffb1e070000 - 0x00007ffb1e4e4000 	C:\WINDOWS\System32\SETUPAPI.dll
0x00007ffb1d270000 - 0x00007ffb1d2bd000 	C:\WINDOWS\SYSTEM32\POWRPROF.dll
0x00007ffb1d150000 - 0x00007ffb1d163000 	C:\WINDOWS\SYSTEM32\UMPDC.dll
0x00007ffb10b00000 - 0x00007ffb10b35000 	C:\WINDOWS\SYSTEM32\amdihk64.dll
0x00007ffb187d0000 - 0x00007ffb18818000 	C:\WINDOWS\SYSTEM32\directxdatabasehelper.dll

dbghelp: loaded successfully - version: 4.0.5 - missing functions: none
symbol engine: initialized successfully - sym options: 0x614 - pdb path: .;C:\Program Files\Java\jdk-19\bin;C:\WINDOWS\SYSTEM32;C:\WINDOWS\WinSxS\amd64_microsoft.windows.common-controls_6595b64144ccf1df_6.0.22621.608_none_a9444ca7c10bb01d;C:\Program Files\Java\jdk-19\bin\server;C:\Windows\System32\DriverStore\FileRepository\u0381941.inf_amd64_e1aaf87b06e2b6d9\B380668

VM Arguments:
jvm_args: -Dfile.encoding=UTF-8 --module-path=D:\Universidad\7MO SEMESTRE\Disenio y programacion\TALLER GUI\gui\bin -XX:+ShowCodeDetailsInExceptionMessages -Djdk.module.main=gui 
java_command: gui/gui.VentanaExpoCanina
java_class_path (initial): <not set>
Launcher Type: SUN_STANDARD

[Global flags]
     intx CICompilerCount                          = 4                                         {product} {ergonomic}
     uint ConcGCThreads                            = 2                                         {product} {ergonomic}
     uint G1ConcRefinementThreads                  = 8                                         {product} {ergonomic}
   size_t G1HeapRegionSize                         = 2097152                                   {product} {ergonomic}
    uintx GCDrainStackTargetSize                   = 64                                        {product} {ergonomic}
   size_t InitialHeapSize                          = 234881024                                 {product} {ergonomic}
   size_t MarkStackSize                            = 4194304                                   {product} {ergonomic}
   size_t MaxHeapSize                              = 3745513472                                {product} {ergonomic}
   size_t MaxNewSize                               = 2246049792                                {product} {ergonomic}
   size_t MinHeapDeltaBytes                        = 2097152                                   {product} {ergonomic}
   size_t MinHeapSize                              = 8388608                                   {product} {ergonomic}
    uintx NonNMethodCodeHeapSize                   = 5839372                                {pd product} {ergonomic}
    uintx NonProfiledCodeHeapSize                  = 122909434                              {pd product} {ergonomic}
    uintx ProfiledCodeHeapSize                     = 122909434                              {pd product} {ergonomic}
    uintx ReservedCodeCacheSize                    = 251658240                              {pd product} {ergonomic}
     bool SegmentedCodeCache                       = true                                      {product} {ergonomic}
     bool ShowCodeDetailsInExceptionMessages       = true                                   {manageable} {command line}
   size_t SoftMaxHeapSize                          = 3745513472                             {manageable} {ergonomic}
     bool UseCompressedClassPointers               = true                           {product lp64_product} {ergonomic}
     bool UseCompressedOops                        = true                           {product lp64_product} {ergonomic}
     bool UseG1GC                                  = true                                      {product} {ergonomic}
     bool UseLargePagesIndividualAllocation        = false                                  {pd product} {ergonomic}

Logging:
Log output configuration:
 #0: stdout all=warning uptime,level,tags foldmultilines=false
 #1: stderr all=off uptime,level,tags foldmultilines=false

Environment Variables:
PATH=C:\Program Files\Common Files\Oracle\Java\javapath;C:\Program Files (x86)\Common Files\Intel\Shared Libraries\redist\intel64\compiler;C:\ProgramData\Oracle\Java\javapath;C:\WINDOWS\system32;C:\WINDOWS;C:\WINDOWS\System32\Wbem;C:\WINDOWS\System32\WindowsPowerShell\v1.0\;C:\WINDOWS\System32\OpenSSH\;C:\Program Files\dotnet\;C:\Users\valen\AppData\Local\Programs\Python\Python310\Scripts\;C:\Users\valen\AppData\Local\Programs\Python\Python310\;C:\Users\valen\AppData\Local\Microsoft\WindowsApps;C:\Users\valen\AppData\Local\Programs\Microsoft VS Code\bin;C:\Users\valen\AppData\Local\GitHubDesktop\bin
USERNAME=Valentina
OS=Windows_NT
PROCESSOR_IDENTIFIER=AMD64 Family 23 Model 24 Stepping 1, AuthenticAMD
TMP=C:\Users\valen\AppData\Local\Temp
TEMP=C:\Users\valen\AppData\Local\Temp



---------------  S Y S T E M  ---------------

OS:
 Windows 11 , 64 bit Build 22621 (10.0.22621.1485)
OS uptime: 0 days 8:45 hours

CPU: total 8 (initial active 8) (8 cores per cpu, 2 threads per core) family 23 model 24 stepping 1 microcode 0x0, cx8, cmov, fxsr, ht, mmx, 3dnowpref, sse, sse2, sse3, ssse3, sse4a, sse4.1, sse4.2, popcnt, lzcnt, tsc, tscinvbit, avx, avx2, aes, clmul, bmi1, bmi2, adx, sha, fma, vzeroupper, clflush, clflushopt, rdtscp

Memory: 4k page, system-wide physical 14284M (1388M free)
TotalPageFile size 57292M (AvailPageFile size 1M)
current process WorkingSet (physical memory assigned to process): 54M, peak: 54M
current process commit charge ("private bytes"): 333M, peak: 333M

vm_info: Java HotSpot(TM) 64-Bit Server VM (19.0.2+7-44) for windows-amd64 JRE (19.0.2+7-44), built on 2022-11-30T18:02:09Z by "mach5one" with MS VC++ 17.1 (VS2022)

END.
